Using pre-set license
Built from '6000.0/staging' branch; Version is '6000.0.38f1 (82314a941f2d) revision 8532298'; Using compiler version '193933523'; Build Type 'Release'
OS: 'Windows 10  (10.0.19045) 64bit Core' Language: 'en' Physical Memory: 16335 MB
BatchMode: 1, IsHumanControllingUs: 0, StartBugReporterOnCrash: 0, Is64bit: 1, IsPro: 1

COMMAND LINE ARGUMENTS:
C:\Program Files\Unity\Hub\Editor\6000.0.38f1\Editor\Unity.exe
-adb2
-batchMode
-noUpm
-name
AssetImportWorker3
-projectPath
C:/Users/khale/Desktop/Backup/FYP_final
-logFile
Logs/AssetImportWorker3.log
-srvPort
54312
-job-worker-count
5
-background-job-worker-count
8
-gc-helper-count
1
Successfully changed project path to: C:/Users/khale/Desktop/Backup/FYP_final
C:/Users/khale/Desktop/Backup/FYP_final
[UnityMemory] Configuration Parameters - Can be set up in boot.config
    "memorysetup-bucket-allocator-granularity=16"
    "memorysetup-bucket-allocator-bucket-count=8"
    "memorysetup-bucket-allocator-block-size=33554432"
    "memorysetup-bucket-allocator-block-count=8"
    "memorysetup-main-allocator-block-size=16777216"
    "memorysetup-thread-allocator-block-size=16777216"
    "memorysetup-gfx-main-allocator-block-size=16777216"
    "memorysetup-gfx-thread-allocator-block-size=16777216"
    "memorysetup-cache-allocator-block-size=4194304"
    "memorysetup-typetree-allocator-block-size=2097152"
    "memorysetup-profiler-bucket-allocator-granularity=16"
    "memorysetup-profiler-bucket-allocator-bucket-count=8"
    "memorysetup-profiler-bucket-allocator-block-size=33554432"
    "memorysetup-profiler-bucket-allocator-block-count=8"
    "memorysetup-profiler-allocator-block-size=16777216"
    "memorysetup-profiler-editor-allocator-block-size=1048576"
    "memorysetup-temp-allocator-size-main=16777216"
    "memorysetup-job-temp-allocator-block-size=2097152"
    "memorysetup-job-temp-allocator-block-size-background=1048576"
    "memorysetup-job-temp-allocator-reduction-small-platforms=262144"
    "memorysetup-allocator-temp-initial-block-size-main=262144"
    "memorysetup-allocator-temp-initial-block-size-worker=262144"
    "memorysetup-temp-allocator-size-background-worker=32768"
    "memorysetup-temp-allocator-size-job-worker=262144"
    "memorysetup-temp-allocator-size-preload-manager=33554432"
    "memorysetup-temp-allocator-size-nav-mesh-worker=65536"
    "memorysetup-temp-allocator-size-audio-worker=65536"
    "memorysetup-temp-allocator-size-cloud-worker=32768"
    "memorysetup-temp-allocator-size-gi-baking-worker=262144"
    "memorysetup-temp-allocator-size-gi-baking-worker=262144"
    "memorysetup-temp-allocator-size-gi-baking-worker=262144"
    "memorysetup-temp-allocator-size-gi-baking-worker=262144"
    "memorysetup-temp-allocator-size-gi-baking-worker=262144"
    "memorysetup-temp-allocator-size-gfx=262144"
Player connection [19256]  Target information:

Player connection [19256]  * "[IP] 192.168.0.16 [Port] 0 [Flags] 2 [Guid] 1620682585 [EditorId] 1620682585 [Version] 1048832 [Id] WindowsEditor(7,DESKTOP-E4HEA00) [Debug] 1 [PackageName] WindowsEditor [ProjectName] Editor" 

Player connection [19256] Host joined multi-casting on [225.0.0.222:54997]...
Player connection [19256] Host joined alternative multi-casting on [225.0.0.222:34997]...
JobSystem: Creating JobQueue using job-worker-count value 5
Input System module state changed to: Initialized.
[Physics::Module] Initialized fallback backend.
[Physics::Module] Id: 0xdecafbad
Library Redirect Path: Library/
[Physics::Module] Selected backend.
[Physics::Module] Name: PhysX
[Physics::Module] Id: 0xf2b8ea05
[Physics::Module] SDK Version: 4.1.2
[Physics::Module] Integration Version: 1.0.0
[Physics::Module] Threading Mode: Multi-Threaded
Refreshing native plugins compatible for Editor in 7.51 ms, found 4 plugins.
Preloading 0 native plugins for Editor in 0.00 ms.
Initialize engine version: 6000.0.38f1 (82314a941f2d)
[Subsystems] Discovering subsystems at path C:/Program Files/Unity/Hub/Editor/6000.0.38f1/Editor/Data/Resources/UnitySubsystems
[Subsystems] Discovering subsystems at path C:/Users/khale/Desktop/Backup/FYP_final/Assets
GfxDevice: creating device client; kGfxThreadingModeNonThreaded
Direct3D:
    Version:  Direct3D 11.0 [level 11.1]
    Renderer: NVIDIA GeForce GTX 1080 (ID=0x1b80)
    Vendor:   NVIDIA
    VRAM:     8059 MB
    Driver:   32.0.15.6094
Initialize mono
Mono path[0] = 'C:/Program Files/Unity/Hub/Editor/6000.0.38f1/Editor/Data/Managed'
Mono path[1] = 'C:/Program Files/Unity/Hub/Editor/6000.0.38f1/Editor/Data/MonoBleedingEdge/lib/mono/unityjit-win32'
Mono config path = 'C:/Program Files/Unity/Hub/Editor/6000.0.38f1/Editor/Data/MonoBleedingEdge/etc'
Using monoOptions --debugger-agent=transport=dt_socket,embedding=1,server=y,suspend=n,address=127.0.0.1:56260
Begin MonoManager ReloadAssembly
Registering precompiled unity dll's ...
Register platform support module: C:/Program Files/Unity/Hub/Editor/6000.0.38f1/Editor/Data/PlaybackEngines/WebGLSupport/UnityEditor.WebGL.Extensions.dll
Register platform support module: C:/Program Files/Unity/Hub/Editor/6000.0.38f1/Editor/Data/PlaybackEngines/WindowsStandaloneSupport/UnityEditor.WindowsStandalone.Extensions.dll
Register platform support module: C:/Program Files/Unity/Hub/Editor/6000.0.38f1/Editor/Data/PlaybackEngines/AndroidPlayer/UnityEditor.Android.Extensions.dll
Registered in 0.006089 seconds.
- Loaded All Assemblies, in  0.416 seconds
Native extension for Android target not found
Android Extension - Scanning For ADB Devices 211 ms
Native extension for WindowsStandalone target not found
Native extension for WebGL target not found
Mono: successfully reloaded assembly
- Finished resetting the current domain, in  0.563 seconds
Domain Reload Profiling: 975ms
	BeginReloadAssembly (134ms)
		ExecutionOrderSort (0ms)
		DisableScriptedObjects (0ms)
		BackupInstance (0ms)
		ReleaseScriptingObjects (0ms)
		CreateAndSetChildDomain (1ms)
	RebuildCommonClasses (41ms)
	RebuildNativeTypeToScriptingClass (14ms)
	initialDomainReloadingComplete (55ms)
	LoadAllAssembliesAndSetupDomain (168ms)
		LoadAssemblies (132ms)
		RebuildTransferFunctionScriptingTraits (0ms)
		AnalyzeDomain (165ms)
			TypeCache.Refresh (163ms)
				TypeCache.ScanAssembly (150ms)
			BuildScriptInfoCaches (0ms)
			ResolveRequiredComponents (0ms)
	FinalizeReload (563ms)
		ReleaseScriptCaches (0ms)
		RebuildScriptCaches (0ms)
		SetupLoadedEditorAssemblies (518ms)
			LogAssemblyErrors (0ms)
			InitializePlatformSupportModulesInManaged (315ms)
			SetLoadedEditorAssemblies (4ms)
			BeforeProcessingInitializeOnLoad (46ms)
			ProcessInitializeOnLoadAttributes (103ms)
			ProcessInitializeOnLoadMethodAttributes (50ms)
			AfterProcessingInitializeOnLoad (0ms)
			EditorAssembliesLoaded (0ms)
		ExecutionOrderSort2 (0ms)
		AwakeInstancesAfterBackupRestoration (0ms)
========================================================================
Worker process is ready to serve import requests
Import Worker Mode flag is 0x00
Begin MonoManager ReloadAssembly
Launched and connected shader compiler UnityShaderCompiler.exe after 0.01 seconds
- Loaded All Assemblies, in  1.058 seconds
Failed to load build profile from Library/BuildProfiles/PlatformProfile.4e3c793746204150860bf175a9a41a05.asset.
0x00007ffcbee29efd (Unity) StackWalker::ShowCallstack
0x00007ffcbee39eb9 (Unity) PlatformStacktrace::GetStacktrace
0x00007ffcc00a727e (Unity) Stacktrace::GetStacktrace
0x00007ffcc064f92f (Unity) DebugStringToFile
0x00007ffcbdf79085 (Unity) DebugLogHandler_CUSTOM_Internal_Log
0x0000015a8ca70a9d (Mono JIT Code) (wrapper managed-to-native) UnityEngine.DebugLogHandler:Internal_Log_Injected (UnityEngine.LogType,UnityEngine.LogOption,UnityEngine.Bindings.ManagedSpanWrapper&,intptr)
0x0000015a8ca70963 (Mono JIT Code) UnityEngine.DebugLogHandler:Internal_Log (UnityEngine.LogType,UnityEngine.LogOption,string,UnityEngine.Object)
0x0000015a8ca7059b (Mono JIT Code) UnityEngine.DebugLogHandler:LogFormat (UnityEngine.LogType,UnityEngine.Object,string,object[])
0x0000015a8ca70320 (Mono JIT Code) UnityEngine.Logger:Log (UnityEngine.LogType,object)
0x0000015a8a4efefa (Mono JIT Code) UnityEngine.Debug:LogWarning (object)
0x0000015a8a4e718b (Mono JIT Code) UnityEditor.Build.Profile.BuildProfileContext:OnEnable ()
0x0000015a88d1f7b8 (Mono JIT Code) (wrapper runtime-invoke) object:runtime_invoke_void__this__ (object,intptr,intptr,intptr)
0x00007ffccad368de (mono-2.0-bdwgc) mono_jit_runtime_invoke (at C:/build/output/Unity-Technologies/mono/mono/mini/mini-runtime.c:3445)
0x00007ffccac78404 (mono-2.0-bdwgc) do_runtime_invoke (at C:/build/output/Unity-Technologies/mono/mono/metadata/object.c:3068)
0x00007ffccac784f0 (mono-2.0-bdwgc) mono_runtime_invoke (at C:/build/output/Unity-Technologies/mono/mono/metadata/object.c:3115)
0x00007ffcbed4e224 (Unity) scripting_method_invoke
0x00007ffcbed25fa3 (Unity) ScriptingInvocation::Invoke
0x00007ffcbed2608e (Unity) ScriptingInvocation::InvokeChecked
0x00007ffcbedd03d6 (Unity) SerializableManagedRef::CallMethod
0x00007ffcbed10414 (Unity) MonoBehaviour::AwakeFromLoad
0x00007ffcbed1b741 (Unity) ResetAndApplyDefaultReferencesOnNewMonoBehaviour
0x00007ffcbed24451 (Unity) Scripting::CreateScriptableObjectWithType
0x00007ffcbdecec6d (Unity) ScriptableObject_CUSTOM_CreateScriptableObjectInstanceFromType
0x0000015a8a4e646d (Mono JIT Code) (wrapper managed-to-native) UnityEngine.ScriptableObject:CreateScriptableObjectInstanceFromType_Injected (System.Type,bool)
0x0000015a8a4e624b (Mono JIT Code) UnityEngine.ScriptableObject:CreateScriptableObjectInstanceFromType (System.Type,bool)
0x0000015a8a4e61f3 (Mono JIT Code) UnityEngine.ScriptableObject:CreateInstance (System.Type)
0x0000015a8a4e6173 (Mono JIT Code) UnityEngine.ScriptableObject:CreateInstance<T_REF> ()
0x0000015a8a4e5b9b (Mono JIT Code) UnityEditor.Build.Profile.BuildProfileContext:CreateOrLoad ()
0x0000015a8a4e59f3 (Mono JIT Code) UnityEditor.Build.Profile.BuildProfileContext:get_instance ()
0x0000015a8a4e51fb (Mono JIT Code) UnityEditor.Build.Profile.BuildProfileContext:GetActiveOrClassicBuildProfile (UnityEditor.BuildTarget,UnityEditor.StandaloneBuildSubtarget,string)
0x0000015a8a4e5636 (Mono JIT Code) (wrapper runtime-invoke) <Module>:runtime_invoke_object_int_int_object (object,intptr,intptr,intptr)
0x00007ffccad368de (mono-2.0-bdwgc) mono_jit_runtime_invoke (at C:/build/output/Unity-Technologies/mono/mono/mini/mini-runtime.c:3445)
0x00007ffccac78404 (mono-2.0-bdwgc) do_runtime_invoke (at C:/build/output/Unity-Technologies/mono/mono/metadata/object.c:3068)
0x00007ffccac784f0 (mono-2.0-bdwgc) mono_runtime_invoke (at C:/build/output/Unity-Technologies/mono/mono/metadata/object.c:3115)
0x00007ffcbed4e224 (Unity) scripting_method_invoke
0x00007ffcbed25fa3 (Unity) ScriptingInvocation::Invoke
0x00007ffcbed211de (Unity) ScriptingInvocation::Invoke<ScriptingObjectPtr>
0x00007ffcbee7e5a7 (Unity) Scripting::UnityEditor::Build::Profile::BuildProfileContextProxy::GetActiveOrClassicBuildProfile
0x00007ffcbf97a6c0 (Unity) EditorUserBuildSettings::GetSelectedAndroidBuildTextureSubtarget
0x00007ffcbf974638 (Unity) EditorUserBuildSettings::GetActiveSubTargetFor
0x00007ffcbfc0fa4c (Unity) GetPlaybackEngineVariationManagedDirectory
0x00007ffcbfc1193a (Unity) GetUnityEngineDllForBuildTarget
0x00007ffcbff4887d (Unity) GetUnityAssemblies
0x00007ffcbff52cc8 (Unity) GetUnityAssembliesManaged
0x00007ffcbff53456 (Unity) InitializeManagedCompilationPipeline
0x00007ffcbff560fb (Unity) ReinitializeUserTargetAssemblies
0x00007ffcc0385675 (Unity) UpdateScriptCompilationPipelineCaches
0x00007ffcc029c124 (Unity) AssetImportWorkerClient::RegisterTransientArtifacts
0x00007ffcc029c3aa (Unity) AssetImportWorkerClient::ReloadScriptingDomain
0x00007ffcc0277047 (Unity) <lambda_f96845ab1106210ce31769f863340c0d>::operator()
0x00007ffcc0359ade (Unity) asio::detail::completion_handler<core::mutable_function<void __cdecl(void)>,asio::io_context::basic_executor_type<std::allocator<void>,0> >::do_complete
0x00007ffcc034736a (Unity) asio::detail::win_iocp_io_context::do_one
0x00007ffcc034869e (Unity) asio::detail::win_iocp_io_context::run
0x00007ffcc03580fc (Unity) IOService::Run
0x00007ffcc02a0426 (Unity) RunAssetImportWorkerClientV2
0x00007ffcc02a04eb (Unity) RunAssetImporterV2
0x00007ffcbfaaa148 (Unity) Application::InitializeProject
0x00007ffcc00b1875 (Unity) UnityMain
0x00007ff735642fba (Unity) __scrt_common_main_seh
0x00007ffd61b37374 (KERNEL32) BaseThreadInitThunk
0x00007ffd61c7cc91 (ntdll) RtlUserThreadStart

Failed to load build profile from Library/BuildProfiles/PlatformProfile.b9b35072a6f44c2e863f17467ea3dc13.asset.
0x00007ffcbee29efd (Unity) StackWalker::ShowCallstack
0x00007ffcbee39eb9 (Unity) PlatformStacktrace::GetStacktrace
0x00007ffcc00a727e (Unity) Stacktrace::GetStacktrace
0x00007ffcc064f92f (Unity) DebugStringToFile
0x00007ffcbdf79085 (Unity) DebugLogHandler_CUSTOM_Internal_Log
0x0000015a8ca70a9d (Mono JIT Code) (wrapper managed-to-native) UnityEngine.DebugLogHandler:Internal_Log_Injected (UnityEngine.LogType,UnityEngine.LogOption,UnityEngine.Bindings.ManagedSpanWrapper&,intptr)
0x0000015a8ca70963 (Mono JIT Code) UnityEngine.DebugLogHandler:Internal_Log (UnityEngine.LogType,UnityEngine.LogOption,string,UnityEngine.Object)
0x0000015a8ca7059b (Mono JIT Code) UnityEngine.DebugLogHandler:LogFormat (UnityEngine.LogType,UnityEngine.Object,string,object[])
0x0000015a8ca70320 (Mono JIT Code) UnityEngine.Logger:Log (UnityEngine.LogType,object)
0x0000015a8a4efefa (Mono JIT Code) UnityEngine.Debug:LogWarning (object)
0x0000015a8a4e718b (Mono JIT Code) UnityEditor.Build.Profile.BuildProfileContext:OnEnable ()
0x0000015a88d1f7b8 (Mono JIT Code) (wrapper runtime-invoke) object:runtime_invoke_void__this__ (object,intptr,intptr,intptr)
0x00007ffccad368de (mono-2.0-bdwgc) mono_jit_runtime_invoke (at C:/build/output/Unity-Technologies/mono/mono/mini/mini-runtime.c:3445)
0x00007ffccac78404 (mono-2.0-bdwgc) do_runtime_invoke (at C:/build/output/Unity-Technologies/mono/mono/metadata/object.c:3068)
0x00007ffccac784f0 (mono-2.0-bdwgc) mono_runtime_invoke (at C:/build/output/Unity-Technologies/mono/mono/metadata/object.c:3115)
0x00007ffcbed4e224 (Unity) scripting_method_invoke
0x00007ffcbed25fa3 (Unity) ScriptingInvocation::Invoke
0x00007ffcbed2608e (Unity) ScriptingInvocation::InvokeChecked
0x00007ffcbedd03d6 (Unity) SerializableManagedRef::CallMethod
0x00007ffcbed10414 (Unity) MonoBehaviour::AwakeFromLoad
0x00007ffcbed1b741 (Unity) ResetAndApplyDefaultReferencesOnNewMonoBehaviour
0x00007ffcbed24451 (Unity) Scripting::CreateScriptableObjectWithType
0x00007ffcbdecec6d (Unity) ScriptableObject_CUSTOM_CreateScriptableObjectInstanceFromType
0x0000015a8a4e646d (Mono JIT Code) (wrapper managed-to-native) UnityEngine.ScriptableObject:CreateScriptableObjectInstanceFromType_Injected (System.Type,bool)
0x0000015a8a4e624b (Mono JIT Code) UnityEngine.ScriptableObject:CreateScriptableObjectInstanceFromType (System.Type,bool)
0x0000015a8a4e61f3 (Mono JIT Code) UnityEngine.ScriptableObject:CreateInstance (System.Type)
0x0000015a8a4e6173 (Mono JIT Code) UnityEngine.ScriptableObject:CreateInstance<T_REF> ()
0x0000015a8a4e5b9b (Mono JIT Code) UnityEditor.Build.Profile.BuildProfileContext:CreateOrLoad ()
0x0000015a8a4e59f3 (Mono JIT Code) UnityEditor.Build.Profile.BuildProfileContext:get_instance ()
0x0000015a8a4e51fb (Mono JIT Code) UnityEditor.Build.Profile.BuildProfileContext:GetActiveOrClassicBuildProfile (UnityEditor.BuildTarget,UnityEditor.StandaloneBuildSubtarget,string)
0x0000015a8a4e5636 (Mono JIT Code) (wrapper runtime-invoke) <Module>:runtime_invoke_object_int_int_object (object,intptr,intptr,intptr)
0x00007ffccad368de (mono-2.0-bdwgc) mono_jit_runtime_invoke (at C:/build/output/Unity-Technologies/mono/mono/mini/mini-runtime.c:3445)
0x00007ffccac78404 (mono-2.0-bdwgc) do_runtime_invoke (at C:/build/output/Unity-Technologies/mono/mono/metadata/object.c:3068)
0x00007ffccac784f0 (mono-2.0-bdwgc) mono_runtime_invoke (at C:/build/output/Unity-Technologies/mono/mono/metadata/object.c:3115)
0x00007ffcbed4e224 (Unity) scripting_method_invoke
0x00007ffcbed25fa3 (Unity) ScriptingInvocation::Invoke
0x00007ffcbed211de (Unity) ScriptingInvocation::Invoke<ScriptingObjectPtr>
0x00007ffcbee7e5a7 (Unity) Scripting::UnityEditor::Build::Profile::BuildProfileContextProxy::GetActiveOrClassicBuildProfile
0x00007ffcbf97a6c0 (Unity) EditorUserBuildSettings::GetSelectedAndroidBuildTextureSubtarget
0x00007ffcbf974638 (Unity) EditorUserBuildSettings::GetActiveSubTargetFor
0x00007ffcbfc0fa4c (Unity) GetPlaybackEngineVariationManagedDirectory
0x00007ffcbfc1193a (Unity) GetUnityEngineDllForBuildTarget
0x00007ffcbff4887d (Unity) GetUnityAssemblies
0x00007ffcbff52cc8 (Unity) GetUnityAssembliesManaged
0x00007ffcbff53456 (Unity) InitializeManagedCompilationPipeline
0x00007ffcbff560fb (Unity) ReinitializeUserTargetAssemblies
0x00007ffcc0385675 (Unity) UpdateScriptCompilationPipelineCaches
0x00007ffcc029c124 (Unity) AssetImportWorkerClient::RegisterTransientArtifacts
0x00007ffcc029c3aa (Unity) AssetImportWorkerClient::ReloadScriptingDomain
0x00007ffcc0277047 (Unity) <lambda_f96845ab1106210ce31769f863340c0d>::operator()
0x00007ffcc0359ade (Unity) asio::detail::completion_handler<core::mutable_function<void __cdecl(void)>,asio::io_context::basic_executor_type<std::allocator<void>,0> >::do_complete
0x00007ffcc034736a (Unity) asio::detail::win_iocp_io_context::do_one
0x00007ffcc034869e (Unity) asio::detail::win_iocp_io_context::run
0x00007ffcc03580fc (Unity) IOService::Run
0x00007ffcc02a0426 (Unity) RunAssetImportWorkerClientV2
0x00007ffcc02a04eb (Unity) RunAssetImporterV2
0x00007ffcbfaaa148 (Unity) Application::InitializeProject
0x00007ffcc00b1875 (Unity) UnityMain
0x00007ff735642fba (Unity) __scrt_common_main_seh
0x00007ffd61b37374 (KERNEL32) BaseThreadInitThunk
0x00007ffd61c7cc91 (ntdll) RtlUserThreadStart

Failed to load build profile from Library/BuildProfiles/PlatformProfile.84a3bb9e7420477f885e98145999eb20.asset.
0x00007ffcbee29efd (Unity) StackWalker::ShowCallstack
0x00007ffcbee39eb9 (Unity) PlatformStacktrace::GetStacktrace
0x00007ffcc00a727e (Unity) Stacktrace::GetStacktrace
0x00007ffcc064f92f (Unity) DebugStringToFile
0x00007ffcbdf79085 (Unity) DebugLogHandler_CUSTOM_Internal_Log
0x0000015a8ca70a9d (Mono JIT Code) (wrapper managed-to-native) UnityEngine.DebugLogHandler:Internal_Log_Injected (UnityEngine.LogType,UnityEngine.LogOption,UnityEngine.Bindings.ManagedSpanWrapper&,intptr)
0x0000015a8ca70963 (Mono JIT Code) UnityEngine.DebugLogHandler:Internal_Log (UnityEngine.LogType,UnityEngine.LogOption,string,UnityEngine.Object)
0x0000015a8ca7059b (Mono JIT Code) UnityEngine.DebugLogHandler:LogFormat (UnityEngine.LogType,UnityEngine.Object,string,object[])
0x0000015a8ca70320 (Mono JIT Code) UnityEngine.Logger:Log (UnityEngine.LogType,object)
0x0000015a8a4efefa (Mono JIT Code) UnityEngine.Debug:LogWarning (object)
0x0000015a8a4e718b (Mono JIT Code) UnityEditor.Build.Profile.BuildProfileContext:OnEnable ()
0x0000015a88d1f7b8 (Mono JIT Code) (wrapper runtime-invoke) object:runtime_invoke_void__this__ (object,intptr,intptr,intptr)
0x00007ffccad368de (mono-2.0-bdwgc) mono_jit_runtime_invoke (at C:/build/output/Unity-Technologies/mono/mono/mini/mini-runtime.c:3445)
0x00007ffccac78404 (mono-2.0-bdwgc) do_runtime_invoke (at C:/build/output/Unity-Technologies/mono/mono/metadata/object.c:3068)
0x00007ffccac784f0 (mono-2.0-bdwgc) mono_runtime_invoke (at C:/build/output/Unity-Technologies/mono/mono/metadata/object.c:3115)
0x00007ffcbed4e224 (Unity) scripting_method_invoke
0x00007ffcbed25fa3 (Unity) ScriptingInvocation::Invoke
0x00007ffcbed2608e (Unity) ScriptingInvocation::InvokeChecked
0x00007ffcbedd03d6 (Unity) SerializableManagedRef::CallMethod
0x00007ffcbed10414 (Unity) MonoBehaviour::AwakeFromLoad
0x00007ffcbed1b741 (Unity) ResetAndApplyDefaultReferencesOnNewMonoBehaviour
0x00007ffcbed24451 (Unity) Scripting::CreateScriptableObjectWithType
0x00007ffcbdecec6d (Unity) ScriptableObject_CUSTOM_CreateScriptableObjectInstanceFromType
0x0000015a8a4e646d (Mono JIT Code) (wrapper managed-to-native) UnityEngine.ScriptableObject:CreateScriptableObjectInstanceFromType_Injected (System.Type,bool)
0x0000015a8a4e624b (Mono JIT Code) UnityEngine.ScriptableObject:CreateScriptableObjectInstanceFromType (System.Type,bool)
0x0000015a8a4e61f3 (Mono JIT Code) UnityEngine.ScriptableObject:CreateInstance (System.Type)
0x0000015a8a4e6173 (Mono JIT Code) UnityEngine.ScriptableObject:CreateInstance<T_REF> ()
0x0000015a8a4e5b9b (Mono JIT Code) UnityEditor.Build.Profile.BuildProfileContext:CreateOrLoad ()
0x0000015a8a4e59f3 (Mono JIT Code) UnityEditor.Build.Profile.BuildProfileContext:get_instance ()
0x0000015a8a4e51fb (Mono JIT Code) UnityEditor.Build.Profile.BuildProfileContext:GetActiveOrClassicBuildProfile (UnityEditor.BuildTarget,UnityEditor.StandaloneBuildSubtarget,string)
0x0000015a8a4e5636 (Mono JIT Code) (wrapper runtime-invoke) <Module>:runtime_invoke_object_int_int_object (object,intptr,intptr,intptr)
0x00007ffccad368de (mono-2.0-bdwgc) mono_jit_runtime_invoke (at C:/build/output/Unity-Technologies/mono/mono/mini/mini-runtime.c:3445)
0x00007ffccac78404 (mono-2.0-bdwgc) do_runtime_invoke (at C:/build/output/Unity-Technologies/mono/mono/metadata/object.c:3068)
0x00007ffccac784f0 (mono-2.0-bdwgc) mono_runtime_invoke (at C:/build/output/Unity-Technologies/mono/mono/metadata/object.c:3115)
0x00007ffcbed4e224 (Unity) scripting_method_invoke
0x00007ffcbed25fa3 (Unity) ScriptingInvocation::Invoke
0x00007ffcbed211de (Unity) ScriptingInvocation::Invoke<ScriptingObjectPtr>
0x00007ffcbee7e5a7 (Unity) Scripting::UnityEditor::Build::Profile::BuildProfileContextProxy::GetActiveOrClassicBuildProfile
0x00007ffcbf97a6c0 (Unity) EditorUserBuildSettings::GetSelectedAndroidBuildTextureSubtarget
0x00007ffcbf974638 (Unity) EditorUserBuildSettings::GetActiveSubTargetFor
0x00007ffcbfc0fa4c (Unity) GetPlaybackEngineVariationManagedDirectory
0x00007ffcbfc1193a (Unity) GetUnityEngineDllForBuildTarget
0x00007ffcbff4887d (Unity) GetUnityAssemblies
0x00007ffcbff52cc8 (Unity) GetUnityAssembliesManaged
0x00007ffcbff53456 (Unity) InitializeManagedCompilationPipeline
0x00007ffcbff560fb (Unity) ReinitializeUserTargetAssemblies
0x00007ffcc0385675 (Unity) UpdateScriptCompilationPipelineCaches
0x00007ffcc029c124 (Unity) AssetImportWorkerClient::RegisterTransientArtifacts
0x00007ffcc029c3aa (Unity) AssetImportWorkerClient::ReloadScriptingDomain
0x00007ffcc0277047 (Unity) <lambda_f96845ab1106210ce31769f863340c0d>::operator()
0x00007ffcc0359ade (Unity) asio::detail::completion_handler<core::mutable_function<void __cdecl(void)>,asio::io_context::basic_executor_type<std::allocator<void>,0> >::do_complete
0x00007ffcc034736a (Unity) asio::detail::win_iocp_io_context::do_one
0x00007ffcc034869e (Unity) asio::detail::win_iocp_io_context::run
0x00007ffcc03580fc (Unity) IOService::Run
0x00007ffcc02a0426 (Unity) RunAssetImportWorkerClientV2
0x00007ffcc02a04eb (Unity) RunAssetImporterV2
0x00007ffcbfaaa148 (Unity) Application::InitializeProject
0x00007ffcc00b1875 (Unity) UnityMain
0x00007ff735642fba (Unity) __scrt_common_main_seh
0x00007ffd61b37374 (KERNEL32) BaseThreadInitThunk
0x00007ffd61c7cc91 (ntdll) RtlUserThreadStart

Failed to load shared profile from Library/BuildProfiles/SharedProfile.asset.
0x00007ffcbee29efd (Unity) StackWalker::ShowCallstack
0x00007ffcbee39eb9 (Unity) PlatformStacktrace::GetStacktrace
0x00007ffcc00a727e (Unity) Stacktrace::GetStacktrace
0x00007ffcc064f92f (Unity) DebugStringToFile
0x00007ffcbdf79085 (Unity) DebugLogHandler_CUSTOM_Internal_Log
0x0000015a8ca70a9d (Mono JIT Code) (wrapper managed-to-native) UnityEngine.DebugLogHandler:Internal_Log_Injected (UnityEngine.LogType,UnityEngine.LogOption,UnityEngine.Bindings.ManagedSpanWrapper&,intptr)
0x0000015a8ca70963 (Mono JIT Code) UnityEngine.DebugLogHandler:Internal_Log (UnityEngine.LogType,UnityEngine.LogOption,string,UnityEngine.Object)
0x0000015a8ca7059b (Mono JIT Code) UnityEngine.DebugLogHandler:LogFormat (UnityEngine.LogType,UnityEngine.Object,string,object[])
0x0000015a8ca70320 (Mono JIT Code) UnityEngine.Logger:Log (UnityEngine.LogType,object)
0x0000015a8a4efefa (Mono JIT Code) UnityEngine.Debug:LogWarning (object)
0x0000015a8a4e73d3 (Mono JIT Code) UnityEditor.Build.Profile.BuildProfileContext:OnEnable ()
0x0000015a88d1f7b8 (Mono JIT Code) (wrapper runtime-invoke) object:runtime_invoke_void__this__ (object,intptr,intptr,intptr)
0x00007ffccad368de (mono-2.0-bdwgc) mono_jit_runtime_invoke (at C:/build/output/Unity-Technologies/mono/mono/mini/mini-runtime.c:3445)
0x00007ffccac78404 (mono-2.0-bdwgc) do_runtime_invoke (at C:/build/output/Unity-Technologies/mono/mono/metadata/object.c:3068)
0x00007ffccac784f0 (mono-2.0-bdwgc) mono_runtime_invoke (at C:/build/output/Unity-Technologies/mono/mono/metadata/object.c:3115)
0x00007ffcbed4e224 (Unity) scripting_method_invoke
0x00007ffcbed25fa3 (Unity) ScriptingInvocation::Invoke
0x00007ffcbed2608e (Unity) ScriptingInvocation::InvokeChecked
0x00007ffcbedd03d6 (Unity) SerializableManagedRef::CallMethod
0x00007ffcbed10414 (Unity) MonoBehaviour::AwakeFromLoad
0x00007ffcbed1b741 (Unity) ResetAndApplyDefaultReferencesOnNewMonoBehaviour
0x00007ffcbed24451 (Unity) Scripting::CreateScriptableObjectWithType
0x00007ffcbdecec6d (Unity) ScriptableObject_CUSTOM_CreateScriptableObjectInstanceFromType
0x0000015a8a4e646d (Mono JIT Code) (wrapper managed-to-native) UnityEngine.ScriptableObject:CreateScriptableObjectInstanceFromType_Injected (System.Type,bool)
0x0000015a8a4e624b (Mono JIT Code) UnityEngine.ScriptableObject:CreateScriptableObjectInstanceFromType (System.Type,bool)
0x0000015a8a4e61f3 (Mono JIT Code) UnityEngine.ScriptableObject:CreateInstance (System.Type)
0x0000015a8a4e6173 (Mono JIT Code) UnityEngine.ScriptableObject:CreateInstance<T_REF> ()
0x0000015a8a4e5b9b (Mono JIT Code) UnityEditor.Build.Profile.BuildProfileContext:CreateOrLoad ()
0x0000015a8a4e59f3 (Mono JIT Code) UnityEditor.Build.Profile.BuildProfileContext:get_instance ()
0x0000015a8a4e51fb (Mono JIT Code) UnityEditor.Build.Profile.BuildProfileContext:GetActiveOrClassicBuildProfile (UnityEditor.BuildTarget,UnityEditor.StandaloneBuildSubtarget,string)
0x0000015a8a4e5636 (Mono JIT Code) (wrapper runtime-invoke) <Module>:runtime_invoke_object_int_int_object (object,intptr,intptr,intptr)
0x00007ffccad368de (mono-2.0-bdwgc) mono_jit_runtime_invoke (at C:/build/output/Unity-Technologies/mono/mono/mini/mini-runtime.c:3445)
0x00007ffccac78404 (mono-2.0-bdwgc) do_runtime_invoke (at C:/build/output/Unity-Technologies/mono/mono/metadata/object.c:3068)
0x00007ffccac784f0 (mono-2.0-bdwgc) mono_runtime_invoke (at C:/build/output/Unity-Technologies/mono/mono/metadata/object.c:3115)
0x00007ffcbed4e224 (Unity) scripting_method_invoke
0x00007ffcbed25fa3 (Unity) ScriptingInvocation::Invoke
0x00007ffcbed211de (Unity) ScriptingInvocation::Invoke<ScriptingObjectPtr>
0x00007ffcbee7e5a7 (Unity) Scripting::UnityEditor::Build::Profile::BuildProfileContextProxy::GetActiveOrClassicBuildProfile
0x00007ffcbf97a6c0 (Unity) EditorUserBuildSettings::GetSelectedAndroidBuildTextureSubtarget
0x00007ffcbf974638 (Unity) EditorUserBuildSettings::GetActiveSubTargetFor
0x00007ffcbfc0fa4c (Unity) GetPlaybackEngineVariationManagedDirectory
0x00007ffcbfc1193a (Unity) GetUnityEngineDllForBuildTarget
0x00007ffcbff4887d (Unity) GetUnityAssemblies
0x00007ffcbff52cc8 (Unity) GetUnityAssembliesManaged
0x00007ffcbff53456 (Unity) InitializeManagedCompilationPipeline
0x00007ffcbff560fb (Unity) ReinitializeUserTargetAssemblies
0x00007ffcc0385675 (Unity) UpdateScriptCompilationPipelineCaches
0x00007ffcc029c124 (Unity) AssetImportWorkerClient::RegisterTransientArtifacts
0x00007ffcc029c3aa (Unity) AssetImportWorkerClient::ReloadScriptingDomain
0x00007ffcc0277047 (Unity) <lambda_f96845ab1106210ce31769f863340c0d>::operator()
0x00007ffcc0359ade (Unity) asio::detail::completion_handler<core::mutable_function<void __cdecl(void)>,asio::io_context::basic_executor_type<std::allocator<void>,0> >::do_complete
0x00007ffcc034736a (Unity) asio::detail::win_iocp_io_context::do_one
0x00007ffcc034869e (Unity) asio::detail::win_iocp_io_context::run
0x00007ffcc03580fc (Unity) IOService::Run
0x00007ffcc02a0426 (Unity) RunAssetImportWorkerClientV2
0x00007ffcc02a04eb (Unity) RunAssetImporterV2
0x00007ffcbfaaa148 (Unity) Application::InitializeProject
0x00007ffcc00b1875 (Unity) UnityMain
0x00007ff735642fba (Unity) __scrt_common_main_seh
0x00007ffd61b37374 (KERNEL32) BaseThreadInitThunk
0x00007ffd61c7cc91 (ntdll) RtlUserThreadStart

Refreshing native plugins compatible for Editor in 4.94 ms, found 4 plugins.
BuildProfileContext singleton already exists.
0x00007ffcbee29efd (Unity) StackWalker::ShowCallstack
0x00007ffcbee39eb9 (Unity) PlatformStacktrace::GetStacktrace
0x00007ffcc00a727e (Unity) Stacktrace::GetStacktrace
0x00007ffcc064f92f (Unity) DebugStringToFile
0x00007ffcbdf79085 (Unity) DebugLogHandler_CUSTOM_Internal_Log
0x0000015a8ca70a9d (Mono JIT Code) (wrapper managed-to-native) UnityEngine.DebugLogHandler:Internal_Log_Injected (UnityEngine.LogType,UnityEngine.LogOption,UnityEngine.Bindings.ManagedSpanWrapper&,intptr)
0x0000015a8ca70963 (Mono JIT Code) UnityEngine.DebugLogHandler:Internal_Log (UnityEngine.LogType,UnityEngine.LogOption,string,UnityEngine.Object)
0x0000015a8ca7059b (Mono JIT Code) UnityEngine.DebugLogHandler:LogFormat (UnityEngine.LogType,UnityEngine.Object,string,object[])
0x0000015a8ca70320 (Mono JIT Code) UnityEngine.Logger:Log (UnityEngine.LogType,object)
0x0000015a99fe9fb5 (Mono JIT Code) UnityEngine.Debug:LogError (object)
0x0000015a8a4e666b (Mono JIT Code) UnityEditor.Build.Profile.BuildProfileContext:.ctor ()
0x0000015a88d1f7b8 (Mono JIT Code) (wrapper runtime-invoke) object:runtime_invoke_void__this__ (object,intptr,intptr,intptr)
0x00007ffccad368de (mono-2.0-bdwgc) mono_jit_runtime_invoke (at C:/build/output/Unity-Technologies/mono/mono/mini/mini-runtime.c:3445)
0x00007ffccac78404 (mono-2.0-bdwgc) do_runtime_invoke (at C:/build/output/Unity-Technologies/mono/mono/metadata/object.c:3068)
0x00007ffccac784f0 (mono-2.0-bdwgc) mono_runtime_invoke (at C:/build/output/Unity-Technologies/mono/mono/metadata/object.c:3115)
0x00007ffcbecf0595 (Unity) mono_runtime_object_init_exception
0x00007ffcbed4ff60 (Unity) scripting_unity_engine_object_new_and_invoke_default_constructor
0x00007ffcbedd1ecd (Unity) SerializableManagedRef::RebuildMonoInstance
0x00007ffcbecf2114 (Unity) SerializableManagedRefTransfer::RestoreBackup<SerializableManagedRefBackupGenerator>
0x00007ffcbedd25dc (Unity) SerializableManagedRefsUtilities::RestoreBackups
0x00007ffcbed13fd4 (Unity) MonoManager::FinalizeReload
0x00007ffcc024c9f5 (Unity) ScriptingInitializer::FinalizeReload
0x00007ffcc029c3af (Unity) AssetImportWorkerClient::ReloadScriptingDomain
0x00007ffcc0277047 (Unity) <lambda_f96845ab1106210ce31769f863340c0d>::operator()
0x00007ffcc0359ade (Unity) asio::detail::completion_handler<core::mutable_function<void __cdecl(void)>,asio::io_context::basic_executor_type<std::allocator<void>,0> >::do_complete
0x00007ffcc034736a (Unity) asio::detail::win_iocp_io_context::do_one
0x00007ffcc034869e (Unity) asio::detail::win_iocp_io_context::run
0x00007ffcc03580fc (Unity) IOService::Run
0x00007ffcc02a0426 (Unity) RunAssetImportWorkerClientV2
0x00007ffcc02a04eb (Unity) RunAssetImporterV2
0x00007ffcbfaaa148 (Unity) Application::InitializeProject
0x00007ffcc00b1875 (Unity) UnityMain
0x00007ff735642fba (Unity) __scrt_common_main_seh
0x00007ffd61b37374 (KERNEL32) BaseThreadInitThunk
0x00007ffd61c7cc91 (ntdll) RtlUserThreadStart

Native extension for Android target not found
Native extension for WindowsStandalone target not found
Native extension for WebGL target not found
Mono: successfully reloaded assembly
Package Manager log level set to [2]
[Package Manager] Failed to launch server process. Reason: Unity was launched with the -noUpm command-line argument
[Package Manager] Unable to send message (not connected to server process).
[Package Manager] Cannot connect to Unity Package Manager local server
[Package Manager] Failed to launch server process. Reason: Unity was launched with the -noUpm command-line argument
[Package Manager] Unable to send message (not connected to server process).
[Package Manager] Cannot connect to Unity Package Manager local server
- Finished resetting the current domain, in  0.798 seconds
Domain Reload Profiling: 1850ms
	BeginReloadAssembly (399ms)
		ExecutionOrderSort (0ms)
		DisableScriptedObjects (226ms)
		BackupInstance (0ms)
		ReleaseScriptingObjects (0ms)
		CreateAndSetChildDomain (26ms)
	RebuildCommonClasses (38ms)
	RebuildNativeTypeToScriptingClass (13ms)
	initialDomainReloadingComplete (41ms)
	LoadAllAssembliesAndSetupDomain (560ms)
		LoadAssemblies (379ms)
		RebuildTransferFunctionScriptingTraits (0ms)
		AnalyzeDomain (286ms)
			TypeCache.Refresh (204ms)
				TypeCache.ScanAssembly (186ms)
			BuildScriptInfoCaches (68ms)
			ResolveRequiredComponents (11ms)
	FinalizeReload (799ms)
		ReleaseScriptCaches (0ms)
		RebuildScriptCaches (0ms)
		SetupLoadedEditorAssemblies (607ms)
			LogAssemblyErrors (0ms)
			InitializePlatformSupportModulesInManaged (11ms)
			SetLoadedEditorAssemblies (4ms)
			BeforeProcessingInitializeOnLoad (140ms)
			ProcessInitializeOnLoadAttributes (332ms)
			ProcessInitializeOnLoadMethodAttributes (114ms)
			AfterProcessingInitializeOnLoad (7ms)
			EditorAssembliesLoaded (0ms)
		ExecutionOrderSort2 (0ms)
		AwakeInstancesAfterBackupRestoration (9ms)
Refreshing native plugins compatible for Editor in 4.77 ms, found 4 plugins.
Preloading 0 native plugins for Editor in 0.00 ms.
Unloading 223 Unused Serialized files (Serialized files now loaded: 0)
Unloading 6922 unused Assets / (7.1 MB). Loaded Objects now: 7622.
Memory consumption went from 185.3 MB to 178.2 MB.
Total: 8.515300 ms (FindLiveObjects: 0.831100 ms CreateObjectMapping: 0.339700 ms MarkObjects: 4.521900 ms  DeleteObjects: 2.821800 ms)

========================================================================
Received Prepare
Begin MonoManager ReloadAssembly
- Loaded All Assemblies, in  0.953 seconds
Refreshing native plugins compatible for Editor in 7.33 ms, found 4 plugins.
BuildProfileContext singleton already exists.
0x00007ffcbee29efd (Unity) StackWalker::ShowCallstack
0x00007ffcbee39eb9 (Unity) PlatformStacktrace::GetStacktrace
0x00007ffcc00a727e (Unity) Stacktrace::GetStacktrace
0x00007ffcc064f92f (Unity) DebugStringToFile
0x00007ffcbdf79085 (Unity) DebugLogHandler_CUSTOM_Internal_Log
0x0000015a861a6e1d (Mono JIT Code) (wrapper managed-to-native) UnityEngine.DebugLogHandler:Internal_Log_Injected (UnityEngine.LogType,UnityEngine.LogOption,UnityEngine.Bindings.ManagedSpanWrapper&,intptr)
0x0000015a861a6ce3 (Mono JIT Code) UnityEngine.DebugLogHandler:Internal_Log (UnityEngine.LogType,UnityEngine.LogOption,string,UnityEngine.Object)
0x0000015a861a664b (Mono JIT Code) UnityEngine.DebugLogHandler:LogFormat (UnityEngine.LogType,UnityEngine.Object,string,object[])
0x0000015a861a63d0 (Mono JIT Code) UnityEngine.Logger:Log (UnityEngine.LogType,object)
0x0000015a861a6087 (Mono JIT Code) UnityEngine.Debug:LogError (object)
0x0000015a8508177b (Mono JIT Code) UnityEditor.Build.Profile.BuildProfileContext:.ctor ()
0x0000015a9ff18f58 (Mono JIT Code) (wrapper runtime-invoke) object:runtime_invoke_void__this__ (object,intptr,intptr,intptr)
0x00007ffccad368de (mono-2.0-bdwgc) mono_jit_runtime_invoke (at C:/build/output/Unity-Technologies/mono/mono/mini/mini-runtime.c:3445)
0x00007ffccac78404 (mono-2.0-bdwgc) do_runtime_invoke (at C:/build/output/Unity-Technologies/mono/mono/metadata/object.c:3068)
0x00007ffccac784f0 (mono-2.0-bdwgc) mono_runtime_invoke (at C:/build/output/Unity-Technologies/mono/mono/metadata/object.c:3115)
0x00007ffcbecf0595 (Unity) mono_runtime_object_init_exception
0x00007ffcbed4ff60 (Unity) scripting_unity_engine_object_new_and_invoke_default_constructor
0x00007ffcbedd1ecd (Unity) SerializableManagedRef::RebuildMonoInstance
0x00007ffcbecf2114 (Unity) SerializableManagedRefTransfer::RestoreBackup<SerializableManagedRefBackupGenerator>
0x00007ffcbedd25dc (Unity) SerializableManagedRefsUtilities::RestoreBackups
0x00007ffcbed13fd4 (Unity) MonoManager::FinalizeReload
0x00007ffcc024c9f5 (Unity) ScriptingInitializer::FinalizeReload
0x00007ffcc029c3af (Unity) AssetImportWorkerClient::ReloadScriptingDomain
0x00007ffcc0275dac (Unity) <lambda_94302c41bc55323db1fed16712a08587>::operator()
0x00007ffcc0359ade (Unity) asio::detail::completion_handler<core::mutable_function<void __cdecl(void)>,asio::io_context::basic_executor_type<std::allocator<void>,0> >::do_complete
0x00007ffcc034736a (Unity) asio::detail::win_iocp_io_context::do_one
0x00007ffcc03486d4 (Unity) asio::detail::win_iocp_io_context::run
0x00007ffcc03580fc (Unity) IOService::Run
0x00007ffcc02a0426 (Unity) RunAssetImportWorkerClientV2
0x00007ffcc02a04eb (Unity) RunAssetImporterV2
0x00007ffcbfaaa148 (Unity) Application::InitializeProject
0x00007ffcc00b1875 (Unity) UnityMain
0x00007ff735642fba (Unity) __scrt_common_main_seh
0x00007ffd61b37374 (KERNEL32) BaseThreadInitThunk
0x00007ffd61c7cc91 (ntdll) RtlUserThreadStart

BuildProfileContext singleton already exists.
0x00007ffcbee29efd (Unity) StackWalker::ShowCallstack
0x00007ffcbee39eb9 (Unity) PlatformStacktrace::GetStacktrace
0x00007ffcc00a727e (Unity) Stacktrace::GetStacktrace
0x00007ffcc064f92f (Unity) DebugStringToFile
0x00007ffcbdf79085 (Unity) DebugLogHandler_CUSTOM_Internal_Log
0x0000015a861a6e1d (Mono JIT Code) (wrapper managed-to-native) UnityEngine.DebugLogHandler:Internal_Log_Injected (UnityEngine.LogType,UnityEngine.LogOption,UnityEngine.Bindings.ManagedSpanWrapper&,intptr)
0x0000015a861a6ce3 (Mono JIT Code) UnityEngine.DebugLogHandler:Internal_Log (UnityEngine.LogType,UnityEngine.LogOption,string,UnityEngine.Object)
0x0000015a861a664b (Mono JIT Code) UnityEngine.DebugLogHandler:LogFormat (UnityEngine.LogType,UnityEngine.Object,string,object[])
0x0000015a861a63d0 (Mono JIT Code) UnityEngine.Logger:Log (UnityEngine.LogType,object)
0x0000015a861a6087 (Mono JIT Code) UnityEngine.Debug:LogError (object)
0x0000015a8508177b (Mono JIT Code) UnityEditor.Build.Profile.BuildProfileContext:.ctor ()
0x0000015a9ff18f58 (Mono JIT Code) (wrapper runtime-invoke) object:runtime_invoke_void__this__ (object,intptr,intptr,intptr)
0x00007ffccad368de (mono-2.0-bdwgc) mono_jit_runtime_invoke (at C:/build/output/Unity-Technologies/mono/mono/mini/mini-runtime.c:3445)
0x00007ffccac78404 (mono-2.0-bdwgc) do_runtime_invoke (at C:/build/output/Unity-Technologies/mono/mono/metadata/object.c:3068)
0x00007ffccac784f0 (mono-2.0-bdwgc) mono_runtime_invoke (at C:/build/output/Unity-Technologies/mono/mono/metadata/object.c:3115)
0x00007ffcbecf0595 (Unity) mono_runtime_object_init_exception
0x00007ffcbed4ff60 (Unity) scripting_unity_engine_object_new_and_invoke_default_constructor
0x00007ffcbedd1ecd (Unity) SerializableManagedRef::RebuildMonoInstance
0x00007ffcbecf2114 (Unity) SerializableManagedRefTransfer::RestoreBackup<SerializableManagedRefBackupGenerator>
0x00007ffcbedd25dc (Unity) SerializableManagedRefsUtilities::RestoreBackups
0x00007ffcbed13fd4 (Unity) MonoManager::FinalizeReload
0x00007ffcc024c9f5 (Unity) ScriptingInitializer::FinalizeReload
0x00007ffcc029c3af (Unity) AssetImportWorkerClient::ReloadScriptingDomain
0x00007ffcc0275dac (Unity) <lambda_94302c41bc55323db1fed16712a08587>::operator()
0x00007ffcc0359ade (Unity) asio::detail::completion_handler<core::mutable_function<void __cdecl(void)>,asio::io_context::basic_executor_type<std::allocator<void>,0> >::do_complete
0x00007ffcc034736a (Unity) asio::detail::win_iocp_io_context::do_one
0x00007ffcc03486d4 (Unity) asio::detail::win_iocp_io_context::run
0x00007ffcc03580fc (Unity) IOService::Run
0x00007ffcc02a0426 (Unity) RunAssetImportWorkerClientV2
0x00007ffcc02a04eb (Unity) RunAssetImporterV2
0x00007ffcbfaaa148 (Unity) Application::InitializeProject
0x00007ffcc00b1875 (Unity) UnityMain
0x00007ff735642fba (Unity) __scrt_common_main_seh
0x00007ffd61b37374 (KERNEL32) BaseThreadInitThunk
0x00007ffd61c7cc91 (ntdll) RtlUserThreadStart

Native extension for Android target not found
Native extension for WindowsStandalone target not found
Native extension for WebGL target not found
ArgumentException: An item with the same key has already been added. Key: 4e3c793746204150860bf175a9a41a05
  at System.Collections.Generic.Dictionary`2[TKey,TValue].TryInsert (TKey key, TValue value, System.Collections.Generic.InsertionBehavior behavior) [0x0015a] in <eb0ef51e5908461ca908fdf6b2dbd966>:0 
  at System.Collections.Generic.Dictionary`2[TKey,TValue].Add (TKey key, TValue value) [0x00000] in <eb0ef51e5908461ca908fdf6b2dbd966>:0 
  at UnityEditor.Build.Profile.BuildProfileContext.OnEnable () [0x00070] in <c80d599bb30f4b0bbd7509f2fe905e9b>:0 

Mono: successfully reloaded assembly
[Package Manager] Failed to launch server process. Reason: Unity was launched with the -noUpm command-line argument
[Package Manager] Unable to send message (not connected to server process).
[Package Manager] Cannot connect to Unity Package Manager local server
- Finished resetting the current domain, in  0.814 seconds
Domain Reload Profiling: 1761ms
	BeginReloadAssembly (298ms)
		ExecutionOrderSort (0ms)
		DisableScriptedObjects (87ms)
		BackupInstance (0ms)
		ReleaseScriptingObjects (0ms)
		CreateAndSetChildDomain (52ms)
	RebuildCommonClasses (41ms)
	RebuildNativeTypeToScriptingClass (15ms)
	initialDomainReloadingComplete (40ms)
	LoadAllAssembliesAndSetupDomain (554ms)
		LoadAssemblies (433ms)
		RebuildTransferFunctionScriptingTraits (0ms)
		AnalyzeDomain (226ms)
			TypeCache.Refresh (10ms)
				TypeCache.ScanAssembly (1ms)
			BuildScriptInfoCaches (201ms)
			ResolveRequiredComponents (12ms)
	FinalizeReload (814ms)
		ReleaseScriptCaches (0ms)
		RebuildScriptCaches (0ms)
		SetupLoadedEditorAssemblies (565ms)
			LogAssemblyErrors (0ms)
			InitializePlatformSupportModulesInManaged (12ms)
			SetLoadedEditorAssemblies (4ms)
			BeforeProcessingInitializeOnLoad (137ms)
			ProcessInitializeOnLoadAttributes (340ms)
			ProcessInitializeOnLoadMethodAttributes (63ms)
			AfterProcessingInitializeOnLoad (9ms)
			EditorAssembliesLoaded (0ms)
		ExecutionOrderSort2 (0ms)
		AwakeInstancesAfterBackupRestoration (30ms)
Refreshing native plugins compatible for Editor in 5.14 ms, found 4 plugins.
Preloading 0 native plugins for Editor in 0.00 ms.
Unloading 31 Unused Serialized files (Serialized files now loaded: 0)
Unloading 6919 unused Assets / (7.1 MB). Loaded Objects now: 7629.
Memory consumption went from 154.8 MB to 147.7 MB.
Total: 10.577500 ms (FindLiveObjects: 0.918800 ms CreateObjectMapping: 0.450600 ms MarkObjects: 5.267100 ms  DeleteObjects: 3.939500 ms)

Prepare: number of updated asset objects reloaded= 0
========================================================================
Received Prepare
Begin MonoManager ReloadAssembly
- Loaded All Assemblies, in  0.982 seconds
Refreshing native plugins compatible for Editor in 7.67 ms, found 4 plugins.
BuildProfileContext singleton already exists.
0x00007ffcbee29efd (Unity) StackWalker::ShowCallstack
0x00007ffcbee39eb9 (Unity) PlatformStacktrace::GetStacktrace
0x00007ffcc00a727e (Unity) Stacktrace::GetStacktrace
0x00007ffcc064f92f (Unity) DebugStringToFile
0x00007ffcbdf79085 (Unity) DebugLogHandler_CUSTOM_Internal_Log
0x0000015a861f5d6d (Mono JIT Code) (wrapper managed-to-native) UnityEngine.DebugLogHandler:Internal_Log_Injected (UnityEngine.LogType,UnityEngine.LogOption,UnityEngine.Bindings.ManagedSpanWrapper&,intptr)
0x0000015a861f5c33 (Mono JIT Code) UnityEngine.DebugLogHandler:Internal_Log (UnityEngine.LogType,UnityEngine.LogOption,string,UnityEngine.Object)
0x0000015a861f559b (Mono JIT Code) UnityEngine.DebugLogHandler:LogFormat (UnityEngine.LogType,UnityEngine.Object,string,object[])
0x0000015a861f5320 (Mono JIT Code) UnityEngine.Logger:Log (UnityEngine.LogType,object)
0x0000015a861f4fd7 (Mono JIT Code) UnityEngine.Debug:LogError (object)
0x0000015a861a0f9b (Mono JIT Code) UnityEditor.Build.Profile.BuildProfileContext:.ctor ()
0x0000015a8a2b8998 (Mono JIT Code) (wrapper runtime-invoke) object:runtime_invoke_void__this__ (object,intptr,intptr,intptr)
0x00007ffccad368de (mono-2.0-bdwgc) mono_jit_runtime_invoke (at C:/build/output/Unity-Technologies/mono/mono/mini/mini-runtime.c:3445)
0x00007ffccac78404 (mono-2.0-bdwgc) do_runtime_invoke (at C:/build/output/Unity-Technologies/mono/mono/metadata/object.c:3068)
0x00007ffccac784f0 (mono-2.0-bdwgc) mono_runtime_invoke (at C:/build/output/Unity-Technologies/mono/mono/metadata/object.c:3115)
0x00007ffcbecf0595 (Unity) mono_runtime_object_init_exception
0x00007ffcbed4ff60 (Unity) scripting_unity_engine_object_new_and_invoke_default_constructor
0x00007ffcbedd1ecd (Unity) SerializableManagedRef::RebuildMonoInstance
0x00007ffcbecf2114 (Unity) SerializableManagedRefTransfer::RestoreBackup<SerializableManagedRefBackupGenerator>
0x00007ffcbedd25dc (Unity) SerializableManagedRefsUtilities::RestoreBackups
0x00007ffcbed13fd4 (Unity) MonoManager::FinalizeReload
0x00007ffcc024c9f5 (Unity) ScriptingInitializer::FinalizeReload
0x00007ffcc029c3af (Unity) AssetImportWorkerClient::ReloadScriptingDomain
0x00007ffcc0275dac (Unity) <lambda_94302c41bc55323db1fed16712a08587>::operator()
0x00007ffcc0359ade (Unity) asio::detail::completion_handler<core::mutable_function<void __cdecl(void)>,asio::io_context::basic_executor_type<std::allocator<void>,0> >::do_complete
0x00007ffcc034736a (Unity) asio::detail::win_iocp_io_context::do_one
0x00007ffcc03486d4 (Unity) asio::detail::win_iocp_io_context::run
0x00007ffcc03580fc (Unity) IOService::Run
0x00007ffcc02a0426 (Unity) RunAssetImportWorkerClientV2
0x00007ffcc02a04eb (Unity) RunAssetImporterV2
0x00007ffcbfaaa148 (Unity) Application::InitializeProject
0x00007ffcc00b1875 (Unity) UnityMain
0x00007ff735642fba (Unity) __scrt_common_main_seh
0x00007ffd61b37374 (KERNEL32) BaseThreadInitThunk
0x00007ffd61c7cc91 (ntdll) RtlUserThreadStart

BuildProfileContext singleton already exists.
0x00007ffcbee29efd (Unity) StackWalker::ShowCallstack
0x00007ffcbee39eb9 (Unity) PlatformStacktrace::GetStacktrace
0x00007ffcc00a727e (Unity) Stacktrace::GetStacktrace
0x00007ffcc064f92f (Unity) DebugStringToFile
0x00007ffcbdf79085 (Unity) DebugLogHandler_CUSTOM_Internal_Log
0x0000015a861f5d6d (Mono JIT Code) (wrapper managed-to-native) UnityEngine.DebugLogHandler:Internal_Log_Injected (UnityEngine.LogType,UnityEngine.LogOption,UnityEngine.Bindings.ManagedSpanWrapper&,intptr)
0x0000015a861f5c33 (Mono JIT Code) UnityEngine.DebugLogHandler:Internal_Log (UnityEngine.LogType,UnityEngine.LogOption,string,UnityEngine.Object)
0x0000015a861f559b (Mono JIT Code) UnityEngine.DebugLogHandler:LogFormat (UnityEngine.LogType,UnityEngine.Object,string,object[])
0x0000015a861f5320 (Mono JIT Code) UnityEngine.Logger:Log (UnityEngine.LogType,object)
0x0000015a861f4fd7 (Mono JIT Code) UnityEngine.Debug:LogError (object)
0x0000015a861a0f9b (Mono JIT Code) UnityEditor.Build.Profile.BuildProfileContext:.ctor ()
0x0000015a8a2b8998 (Mono JIT Code) (wrapper runtime-invoke) object:runtime_invoke_void__this__ (object,intptr,intptr,intptr)
0x00007ffccad368de (mono-2.0-bdwgc) mono_jit_runtime_invoke (at C:/build/output/Unity-Technologies/mono/mono/mini/mini-runtime.c:3445)
0x00007ffccac78404 (mono-2.0-bdwgc) do_runtime_invoke (at C:/build/output/Unity-Technologies/mono/mono/metadata/object.c:3068)
0x00007ffccac784f0 (mono-2.0-bdwgc) mono_runtime_invoke (at C:/build/output/Unity-Technologies/mono/mono/metadata/object.c:3115)
0x00007ffcbecf0595 (Unity) mono_runtime_object_init_exception
0x00007ffcbed4ff60 (Unity) scripting_unity_engine_object_new_and_invoke_default_constructor
0x00007ffcbedd1ecd (Unity) SerializableManagedRef::RebuildMonoInstance
0x00007ffcbecf2114 (Unity) SerializableManagedRefTransfer::RestoreBackup<SerializableManagedRefBackupGenerator>
0x00007ffcbedd25dc (Unity) SerializableManagedRefsUtilities::RestoreBackups
0x00007ffcbed13fd4 (Unity) MonoManager::FinalizeReload
0x00007ffcc024c9f5 (Unity) ScriptingInitializer::FinalizeReload
0x00007ffcc029c3af (Unity) AssetImportWorkerClient::ReloadScriptingDomain
0x00007ffcc0275dac (Unity) <lambda_94302c41bc55323db1fed16712a08587>::operator()
0x00007ffcc0359ade (Unity) asio::detail::completion_handler<core::mutable_function<void __cdecl(void)>,asio::io_context::basic_executor_type<std::allocator<void>,0> >::do_complete
0x00007ffcc034736a (Unity) asio::detail::win_iocp_io_context::do_one
0x00007ffcc03486d4 (Unity) asio::detail::win_iocp_io_context::run
0x00007ffcc03580fc (Unity) IOService::Run
0x00007ffcc02a0426 (Unity) RunAssetImportWorkerClientV2
0x00007ffcc02a04eb (Unity) RunAssetImporterV2
0x00007ffcbfaaa148 (Unity) Application::InitializeProject
0x00007ffcc00b1875 (Unity) UnityMain
0x00007ff735642fba (Unity) __scrt_common_main_seh
0x00007ffd61b37374 (KERNEL32) BaseThreadInitThunk
0x00007ffd61c7cc91 (ntdll) RtlUserThreadStart

Native extension for Android target not found
Native extension for WindowsStandalone target not found
Native extension for WebGL target not found
Mono: successfully reloaded assembly
[Package Manager] Failed to launch server process. Reason: Unity was launched with the -noUpm command-line argument
[Package Manager] Unable to send message (not connected to server process).
[Package Manager] Cannot connect to Unity Package Manager local server
- Finished resetting the current domain, in  0.907 seconds
Domain Reload Profiling: 1885ms
	BeginReloadAssembly (356ms)
		ExecutionOrderSort (0ms)
		DisableScriptedObjects (148ms)
		BackupInstance (0ms)
		ReleaseScriptingObjects (0ms)
		CreateAndSetChildDomain (49ms)
	RebuildCommonClasses (39ms)
	RebuildNativeTypeToScriptingClass (18ms)
	initialDomainReloadingComplete (30ms)
	LoadAllAssembliesAndSetupDomain (534ms)
		LoadAssemblies (426ms)
		RebuildTransferFunctionScriptingTraits (0ms)
		AnalyzeDomain (219ms)
			TypeCache.Refresh (10ms)
				TypeCache.ScanAssembly (0ms)
			BuildScriptInfoCaches (194ms)
			ResolveRequiredComponents (12ms)
	FinalizeReload (908ms)
		ReleaseScriptCaches (0ms)
		RebuildScriptCaches (0ms)
		SetupLoadedEditorAssemblies (644ms)
			LogAssemblyErrors (0ms)
			InitializePlatformSupportModulesInManaged (13ms)
			SetLoadedEditorAssemblies (4ms)
			BeforeProcessingInitializeOnLoad (164ms)
			ProcessInitializeOnLoadAttributes (383ms)
			ProcessInitializeOnLoadMethodAttributes (71ms)
			AfterProcessingInitializeOnLoad (9ms)
			EditorAssembliesLoaded (0ms)
		ExecutionOrderSort2 (0ms)
		AwakeInstancesAfterBackupRestoration (25ms)
Refreshing native plugins compatible for Editor in 5.06 ms, found 4 plugins.
Preloading 0 native plugins for Editor in 0.00 ms.
Unloading 31 Unused Serialized files (Serialized files now loaded: 0)
Unloading 6919 unused Assets / (7.2 MB). Loaded Objects now: 7631.
Memory consumption went from 154.7 MB to 147.5 MB.
Total: 9.328200 ms (FindLiveObjects: 0.985600 ms CreateObjectMapping: 0.370500 ms MarkObjects: 4.655000 ms  DeleteObjects: 3.316100 ms)

Prepare: number of updated asset objects reloaded= 0
========================================================================
Received Prepare
Begin MonoManager ReloadAssembly
- Loaded All Assemblies, in  0.888 seconds
Refreshing native plugins compatible for Editor in 5.02 ms, found 4 plugins.
BuildProfileContext singleton already exists.
0x00007ffcbee29efd (Unity) StackWalker::ShowCallstack
0x00007ffcbee39eb9 (Unity) PlatformStacktrace::GetStacktrace
0x00007ffcc00a727e (Unity) Stacktrace::GetStacktrace
0x00007ffcc064f92f (Unity) DebugStringToFile
0x00007ffcbdf79085 (Unity) DebugLogHandler_CUSTOM_Internal_Log
0x0000015a87b75d6d (Mono JIT Code) (wrapper managed-to-native) UnityEngine.DebugLogHandler:Internal_Log_Injected (UnityEngine.LogType,UnityEngine.LogOption,UnityEngine.Bindings.ManagedSpanWrapper&,intptr)
0x0000015a87b75c33 (Mono JIT Code) UnityEngine.DebugLogHandler:Internal_Log (UnityEngine.LogType,UnityEngine.LogOption,string,UnityEngine.Object)
0x0000015a87b7559b (Mono JIT Code) UnityEngine.DebugLogHandler:LogFormat (UnityEngine.LogType,UnityEngine.Object,string,object[])
0x0000015a87b75320 (Mono JIT Code) UnityEngine.Logger:Log (UnityEngine.LogType,object)
0x0000015a87b74fd7 (Mono JIT Code) UnityEngine.Debug:LogError (object)
0x0000015a86570f9b (Mono JIT Code) UnityEditor.Build.Profile.BuildProfileContext:.ctor ()
0x0000015a93be8998 (Mono JIT Code) (wrapper runtime-invoke) object:runtime_invoke_void__this__ (object,intptr,intptr,intptr)
0x00007ffccad368de (mono-2.0-bdwgc) mono_jit_runtime_invoke (at C:/build/output/Unity-Technologies/mono/mono/mini/mini-runtime.c:3445)
0x00007ffccac78404 (mono-2.0-bdwgc) do_runtime_invoke (at C:/build/output/Unity-Technologies/mono/mono/metadata/object.c:3068)
0x00007ffccac784f0 (mono-2.0-bdwgc) mono_runtime_invoke (at C:/build/output/Unity-Technologies/mono/mono/metadata/object.c:3115)
0x00007ffcbecf0595 (Unity) mono_runtime_object_init_exception
0x00007ffcbed4ff60 (Unity) scripting_unity_engine_object_new_and_invoke_default_constructor
0x00007ffcbedd1ecd (Unity) SerializableManagedRef::RebuildMonoInstance
0x00007ffcbecf2114 (Unity) SerializableManagedRefTransfer::RestoreBackup<SerializableManagedRefBackupGenerator>
0x00007ffcbedd25dc (Unity) SerializableManagedRefsUtilities::RestoreBackups
0x00007ffcbed13fd4 (Unity) MonoManager::FinalizeReload
0x00007ffcc024c9f5 (Unity) ScriptingInitializer::FinalizeReload
0x00007ffcc029c3af (Unity) AssetImportWorkerClient::ReloadScriptingDomain
0x00007ffcc0275dac (Unity) <lambda_94302c41bc55323db1fed16712a08587>::operator()
0x00007ffcc0359ade (Unity) asio::detail::completion_handler<core::mutable_function<void __cdecl(void)>,asio::io_context::basic_executor_type<std::allocator<void>,0> >::do_complete
0x00007ffcc034736a (Unity) asio::detail::win_iocp_io_context::do_one
0x00007ffcc03486d4 (Unity) asio::detail::win_iocp_io_context::run
0x00007ffcc03580fc (Unity) IOService::Run
0x00007ffcc02a0426 (Unity) RunAssetImportWorkerClientV2
0x00007ffcc02a04eb (Unity) RunAssetImporterV2
0x00007ffcbfaaa148 (Unity) Application::InitializeProject
0x00007ffcc00b1875 (Unity) UnityMain
0x00007ff735642fba (Unity) __scrt_common_main_seh
0x00007ffd61b37374 (KERNEL32) BaseThreadInitThunk
0x00007ffd61c7cc91 (ntdll) RtlUserThreadStart

BuildProfileContext singleton already exists.
0x00007ffcbee29efd (Unity) StackWalker::ShowCallstack
0x00007ffcbee39eb9 (Unity) PlatformStacktrace::GetStacktrace
0x00007ffcc00a727e (Unity) Stacktrace::GetStacktrace
0x00007ffcc064f92f (Unity) DebugStringToFile
0x00007ffcbdf79085 (Unity) DebugLogHandler_CUSTOM_Internal_Log
0x0000015a87b75d6d (Mono JIT Code) (wrapper managed-to-native) UnityEngine.DebugLogHandler:Internal_Log_Injected (UnityEngine.LogType,UnityEngine.LogOption,UnityEngine.Bindings.ManagedSpanWrapper&,intptr)
0x0000015a87b75c33 (Mono JIT Code) UnityEngine.DebugLogHandler:Internal_Log (UnityEngine.LogType,UnityEngine.LogOption,string,UnityEngine.Object)
0x0000015a87b7559b (Mono JIT Code) UnityEngine.DebugLogHandler:LogFormat (UnityEngine.LogType,UnityEngine.Object,string,object[])
0x0000015a87b75320 (Mono JIT Code) UnityEngine.Logger:Log (UnityEngine.LogType,object)
0x0000015a87b74fd7 (Mono JIT Code) UnityEngine.Debug:LogError (object)
0x0000015a86570f9b (Mono JIT Code) UnityEditor.Build.Profile.BuildProfileContext:.ctor ()
0x0000015a93be8998 (Mono JIT Code) (wrapper runtime-invoke) object:runtime_invoke_void__this__ (object,intptr,intptr,intptr)
0x00007ffccad368de (mono-2.0-bdwgc) mono_jit_runtime_invoke (at C:/build/output/Unity-Technologies/mono/mono/mini/mini-runtime.c:3445)
0x00007ffccac78404 (mono-2.0-bdwgc) do_runtime_invoke (at C:/build/output/Unity-Technologies/mono/mono/metadata/object.c:3068)
0x00007ffccac784f0 (mono-2.0-bdwgc) mono_runtime_invoke (at C:/build/output/Unity-Technologies/mono/mono/metadata/object.c:3115)
0x00007ffcbecf0595 (Unity) mono_runtime_object_init_exception
0x00007ffcbed4ff60 (Unity) scripting_unity_engine_object_new_and_invoke_default_constructor
0x00007ffcbedd1ecd (Unity) SerializableManagedRef::RebuildMonoInstance
0x00007ffcbecf2114 (Unity) SerializableManagedRefTransfer::RestoreBackup<SerializableManagedRefBackupGenerator>
0x00007ffcbedd25dc (Unity) SerializableManagedRefsUtilities::RestoreBackups
0x00007ffcbed13fd4 (Unity) MonoManager::FinalizeReload
0x00007ffcc024c9f5 (Unity) ScriptingInitializer::FinalizeReload
0x00007ffcc029c3af (Unity) AssetImportWorkerClient::ReloadScriptingDomain
0x00007ffcc0275dac (Unity) <lambda_94302c41bc55323db1fed16712a08587>::operator()
0x00007ffcc0359ade (Unity) asio::detail::completion_handler<core::mutable_function<void __cdecl(void)>,asio::io_context::basic_executor_type<std::allocator<void>,0> >::do_complete
0x00007ffcc034736a (Unity) asio::detail::win_iocp_io_context::do_one
0x00007ffcc03486d4 (Unity) asio::detail::win_iocp_io_context::run
0x00007ffcc03580fc (Unity) IOService::Run
0x00007ffcc02a0426 (Unity) RunAssetImportWorkerClientV2
0x00007ffcc02a04eb (Unity) RunAssetImporterV2
0x00007ffcbfaaa148 (Unity) Application::InitializeProject
0x00007ffcc00b1875 (Unity) UnityMain
0x00007ff735642fba (Unity) __scrt_common_main_seh
0x00007ffd61b37374 (KERNEL32) BaseThreadInitThunk
0x00007ffd61c7cc91 (ntdll) RtlUserThreadStart

Native extension for Android target not found
Native extension for WindowsStandalone target not found
Native extension for WebGL target not found
Mono: successfully reloaded assembly
[Package Manager] Failed to launch server process. Reason: Unity was launched with the -noUpm command-line argument
[Package Manager] Unable to send message (not connected to server process).
[Package Manager] Cannot connect to Unity Package Manager local server
- Finished resetting the current domain, in  0.833 seconds
Domain Reload Profiling: 1715ms
	BeginReloadAssembly (268ms)
		ExecutionOrderSort (0ms)
		DisableScriptedObjects (55ms)
		BackupInstance (0ms)
		ReleaseScriptingObjects (0ms)
		CreateAndSetChildDomain (50ms)
	RebuildCommonClasses (37ms)
	RebuildNativeTypeToScriptingClass (17ms)
	initialDomainReloadingComplete (32ms)
	LoadAllAssembliesAndSetupDomain (527ms)
		LoadAssemblies (403ms)
		RebuildTransferFunctionScriptingTraits (0ms)
		AnalyzeDomain (230ms)
			TypeCache.Refresh (7ms)
				TypeCache.ScanAssembly (0ms)
			BuildScriptInfoCaches (204ms)
			ResolveRequiredComponents (15ms)
	FinalizeReload (834ms)
		ReleaseScriptCaches (0ms)
		RebuildScriptCaches (0ms)
		SetupLoadedEditorAssemblies (605ms)
			LogAssemblyErrors (0ms)
			InitializePlatformSupportModulesInManaged (12ms)
			SetLoadedEditorAssemblies (3ms)
			BeforeProcessingInitializeOnLoad (162ms)
			ProcessInitializeOnLoadAttributes (352ms)
			ProcessInitializeOnLoadMethodAttributes (67ms)
			AfterProcessingInitializeOnLoad (8ms)
			EditorAssembliesLoaded (0ms)
		ExecutionOrderSort2 (0ms)
		AwakeInstancesAfterBackupRestoration (24ms)
Refreshing native plugins compatible for Editor in 6.38 ms, found 4 plugins.
Preloading 0 native plugins for Editor in 0.00 ms.
Unloading 31 Unused Serialized files (Serialized files now loaded: 0)
Unloading 6919 unused Assets / (7.8 MB). Loaded Objects now: 7633.
Memory consumption went from 154.8 MB to 147.0 MB.
Total: 10.764600 ms (FindLiveObjects: 0.984100 ms CreateObjectMapping: 0.434700 ms MarkObjects: 5.355100 ms  DeleteObjects: 3.989500 ms)

Prepare: number of updated asset objects reloaded= 0
========================================================================
Received Prepare
Begin MonoManager ReloadAssembly
- Loaded All Assemblies, in  2.792 seconds
Refreshing native plugins compatible for Editor in 4.89 ms, found 4 plugins.
BuildProfileContext singleton already exists.
0x00007ffcbee29efd (Unity) StackWalker::ShowCallstack
0x00007ffcbee39eb9 (Unity) PlatformStacktrace::GetStacktrace
0x00007ffcc00a727e (Unity) Stacktrace::GetStacktrace
0x00007ffcc064f92f (Unity) DebugStringToFile
0x00007ffcbdf79085 (Unity) DebugLogHandler_CUSTOM_Internal_Log
0x0000015a87b75d6d (Mono JIT Code) (wrapper managed-to-native) UnityEngine.DebugLogHandler:Internal_Log_Injected (UnityEngine.LogType,UnityEngine.LogOption,UnityEngine.Bindings.ManagedSpanWrapper&,intptr)
0x0000015a87b75c33 (Mono JIT Code) UnityEngine.DebugLogHandler:Internal_Log (UnityEngine.LogType,UnityEngine.LogOption,string,UnityEngine.Object)
0x0000015a87b7559b (Mono JIT Code) UnityEngine.DebugLogHandler:LogFormat (UnityEngine.LogType,UnityEngine.Object,string,object[])
0x0000015a87b75320 (Mono JIT Code) UnityEngine.Logger:Log (UnityEngine.LogType,object)
0x0000015a87b74fd7 (Mono JIT Code) UnityEngine.Debug:LogError (object)
0x0000015a86570f9b (Mono JIT Code) UnityEditor.Build.Profile.BuildProfileContext:.ctor ()
0x0000015a941d8998 (Mono JIT Code) (wrapper runtime-invoke) object:runtime_invoke_void__this__ (object,intptr,intptr,intptr)
0x00007ffccad368de (mono-2.0-bdwgc) mono_jit_runtime_invoke (at C:/build/output/Unity-Technologies/mono/mono/mini/mini-runtime.c:3445)
0x00007ffccac78404 (mono-2.0-bdwgc) do_runtime_invoke (at C:/build/output/Unity-Technologies/mono/mono/metadata/object.c:3068)
0x00007ffccac784f0 (mono-2.0-bdwgc) mono_runtime_invoke (at C:/build/output/Unity-Technologies/mono/mono/metadata/object.c:3115)
0x00007ffcbecf0595 (Unity) mono_runtime_object_init_exception
0x00007ffcbed4ff60 (Unity) scripting_unity_engine_object_new_and_invoke_default_constructor
0x00007ffcbedd1ecd (Unity) SerializableManagedRef::RebuildMonoInstance
0x00007ffcbecf2114 (Unity) SerializableManagedRefTransfer::RestoreBackup<SerializableManagedRefBackupGenerator>
0x00007ffcbedd25dc (Unity) SerializableManagedRefsUtilities::RestoreBackups
0x00007ffcbed13fd4 (Unity) MonoManager::FinalizeReload
0x00007ffcc024c9f5 (Unity) ScriptingInitializer::FinalizeReload
0x00007ffcc029c3af (Unity) AssetImportWorkerClient::ReloadScriptingDomain
0x00007ffcc0275dac (Unity) <lambda_94302c41bc55323db1fed16712a08587>::operator()
0x00007ffcc0359ade (Unity) asio::detail::completion_handler<core::mutable_function<void __cdecl(void)>,asio::io_context::basic_executor_type<std::allocator<void>,0> >::do_complete
0x00007ffcc034736a (Unity) asio::detail::win_iocp_io_context::do_one
0x00007ffcc03486d4 (Unity) asio::detail::win_iocp_io_context::run
0x00007ffcc03580fc (Unity) IOService::Run
0x00007ffcc02a0426 (Unity) RunAssetImportWorkerClientV2
0x00007ffcc02a04eb (Unity) RunAssetImporterV2
0x00007ffcbfaaa148 (Unity) Application::InitializeProject
0x00007ffcc00b1875 (Unity) UnityMain
0x00007ff735642fba (Unity) __scrt_common_main_seh
0x00007ffd61b37374 (KERNEL32) BaseThreadInitThunk
0x00007ffd61c7cc91 (ntdll) RtlUserThreadStart

BuildProfileContext singleton already exists.
0x00007ffcbee29efd (Unity) StackWalker::ShowCallstack
0x00007ffcbee39eb9 (Unity) PlatformStacktrace::GetStacktrace
0x00007ffcc00a727e (Unity) Stacktrace::GetStacktrace
0x00007ffcc064f92f (Unity) DebugStringToFile
0x00007ffcbdf79085 (Unity) DebugLogHandler_CUSTOM_Internal_Log
0x0000015a87b75d6d (Mono JIT Code) (wrapper managed-to-native) UnityEngine.DebugLogHandler:Internal_Log_Injected (UnityEngine.LogType,UnityEngine.LogOption,UnityEngine.Bindings.ManagedSpanWrapper&,intptr)
0x0000015a87b75c33 (Mono JIT Code) UnityEngine.DebugLogHandler:Internal_Log (UnityEngine.LogType,UnityEngine.LogOption,string,UnityEngine.Object)
0x0000015a87b7559b (Mono JIT Code) UnityEngine.DebugLogHandler:LogFormat (UnityEngine.LogType,UnityEngine.Object,string,object[])
0x0000015a87b75320 (Mono JIT Code) UnityEngine.Logger:Log (UnityEngine.LogType,object)
0x0000015a87b74fd7 (Mono JIT Code) UnityEngine.Debug:LogError (object)
0x0000015a86570f9b (Mono JIT Code) UnityEditor.Build.Profile.BuildProfileContext:.ctor ()
0x0000015a941d8998 (Mono JIT Code) (wrapper runtime-invoke) object:runtime_invoke_void__this__ (object,intptr,intptr,intptr)
0x00007ffccad368de (mono-2.0-bdwgc) mono_jit_runtime_invoke (at C:/build/output/Unity-Technologies/mono/mono/mini/mini-runtime.c:3445)
0x00007ffccac78404 (mono-2.0-bdwgc) do_runtime_invoke (at C:/build/output/Unity-Technologies/mono/mono/metadata/object.c:3068)
0x00007ffccac784f0 (mono-2.0-bdwgc) mono_runtime_invoke (at C:/build/output/Unity-Technologies/mono/mono/metadata/object.c:3115)
0x00007ffcbecf0595 (Unity) mono_runtime_object_init_exception
0x00007ffcbed4ff60 (Unity) scripting_unity_engine_object_new_and_invoke_default_constructor
0x00007ffcbedd1ecd (Unity) SerializableManagedRef::RebuildMonoInstance
0x00007ffcbecf2114 (Unity) SerializableManagedRefTransfer::RestoreBackup<SerializableManagedRefBackupGenerator>
0x00007ffcbedd25dc (Unity) SerializableManagedRefsUtilities::RestoreBackups
0x00007ffcbed13fd4 (Unity) MonoManager::FinalizeReload
0x00007ffcc024c9f5 (Unity) ScriptingInitializer::FinalizeReload
0x00007ffcc029c3af (Unity) AssetImportWorkerClient::ReloadScriptingDomain
0x00007ffcc0275dac (Unity) <lambda_94302c41bc55323db1fed16712a08587>::operator()
0x00007ffcc0359ade (Unity) asio::detail::completion_handler<core::mutable_function<void __cdecl(void)>,asio::io_context::basic_executor_type<std::allocator<void>,0> >::do_complete
0x00007ffcc034736a (Unity) asio::detail::win_iocp_io_context::do_one
0x00007ffcc03486d4 (Unity) asio::detail::win_iocp_io_context::run
0x00007ffcc03580fc (Unity) IOService::Run
0x00007ffcc02a0426 (Unity) RunAssetImportWorkerClientV2
0x00007ffcc02a04eb (Unity) RunAssetImporterV2
0x00007ffcbfaaa148 (Unity) Application::InitializeProject
0x00007ffcc00b1875 (Unity) UnityMain
0x00007ff735642fba (Unity) __scrt_common_main_seh
0x00007ffd61b37374 (KERNEL32) BaseThreadInitThunk
0x00007ffd61c7cc91 (ntdll) RtlUserThreadStart

Native extension for Android target not found
Native extension for WindowsStandalone target not found
Native extension for WebGL target not found
Mono: successfully reloaded assembly
[Package Manager] Failed to launch server process. Reason: Unity was launched with the -noUpm command-line argument
[Package Manager] Unable to send message (not connected to server process).
[Package Manager] Cannot connect to Unity Package Manager local server
- Finished resetting the current domain, in  0.937 seconds
Domain Reload Profiling: 3724ms
	BeginReloadAssembly (577ms)
		ExecutionOrderSort (0ms)
		DisableScriptedObjects (159ms)
		BackupInstance (0ms)
		ReleaseScriptingObjects (0ms)
		CreateAndSetChildDomain (74ms)
	RebuildCommonClasses (127ms)
	RebuildNativeTypeToScriptingClass (14ms)
	initialDomainReloadingComplete (35ms)
	LoadAllAssembliesAndSetupDomain (2032ms)
		LoadAssemblies (2092ms)
		RebuildTransferFunctionScriptingTraits (0ms)
		AnalyzeDomain (231ms)
			TypeCache.Refresh (8ms)
				TypeCache.ScanAssembly (0ms)
			BuildScriptInfoCaches (207ms)
			ResolveRequiredComponents (12ms)
	FinalizeReload (938ms)
		ReleaseScriptCaches (0ms)
		RebuildScriptCaches (0ms)
		SetupLoadedEditorAssemblies (592ms)
			LogAssemblyErrors (0ms)
			InitializePlatformSupportModulesInManaged (13ms)
			SetLoadedEditorAssemblies (4ms)
			BeforeProcessingInitializeOnLoad (152ms)
			ProcessInitializeOnLoadAttributes (350ms)
			ProcessInitializeOnLoadMethodAttributes (65ms)
			AfterProcessingInitializeOnLoad (8ms)
			EditorAssembliesLoaded (0ms)
		ExecutionOrderSort2 (0ms)
		AwakeInstancesAfterBackupRestoration (25ms)
Refreshing native plugins compatible for Editor in 5.88 ms, found 4 plugins.
Preloading 0 native plugins for Editor in 0.00 ms.
Unloading 31 Unused Serialized files (Serialized files now loaded: 0)
Unloading 6919 unused Assets / (7.3 MB). Loaded Objects now: 7635.
Memory consumption went from 154.8 MB to 147.5 MB.
Total: 11.179600 ms (FindLiveObjects: 0.950900 ms CreateObjectMapping: 0.373200 ms MarkObjects: 5.400400 ms  DeleteObjects: 4.453800 ms)

Prepare: number of updated asset objects reloaded= 0
