Using pre-set license
Built from '6000.0/staging' branch; Version is '6000.0.38f1 (82314a941f2d) revision 8532298'; Using compiler version '193933523'; Build Type 'Release'
OS: 'Windows 10  (10.0.19045) 64bit Core' Language: 'en' Physical Memory: 16335 MB
BatchMode: 1, IsHumanControllingUs: 0, StartBugReporterOnCrash: 0, Is64bit: 1, IsPro: 1

COMMAND LINE ARGUMENTS:
C:\Program Files\Unity\Hub\Editor\6000.0.38f1\Editor\Unity.exe
-adb2
-batchMode
-noUpm
-name
AssetImportWorker1
-projectPath
C:/Users/khale/Desktop/Backup/FYP_final
-logFile
Logs/AssetImportWorker1.log
-srvPort
54312
-job-worker-count
5
-background-job-worker-count
8
-gc-helper-count
1
Successfully changed project path to: C:/Users/khale/Desktop/Backup/FYP_final
C:/Users/khale/Desktop/Backup/FYP_final
[UnityMemory] Configuration Parameters - Can be set up in boot.config
    "memorysetup-bucket-allocator-granularity=16"
    "memorysetup-bucket-allocator-bucket-count=8"
    "memorysetup-bucket-allocator-block-size=33554432"
    "memorysetup-bucket-allocator-block-count=8"
    "memorysetup-main-allocator-block-size=16777216"
    "memorysetup-thread-allocator-block-size=16777216"
    "memorysetup-gfx-main-allocator-block-size=16777216"
    "memorysetup-gfx-thread-allocator-block-size=16777216"
    "memorysetup-cache-allocator-block-size=4194304"
    "memorysetup-typetree-allocator-block-size=2097152"
    "memorysetup-profiler-bucket-allocator-granularity=16"
    "memorysetup-profiler-bucket-allocator-bucket-count=8"
    "memorysetup-profiler-bucket-allocator-block-size=33554432"
    "memorysetup-profiler-bucket-allocator-block-count=8"
    "memorysetup-profiler-allocator-block-size=16777216"
    "memorysetup-profiler-editor-allocator-block-size=1048576"
    "memorysetup-temp-allocator-size-main=16777216"
    "memorysetup-job-temp-allocator-block-size=2097152"
    "memorysetup-job-temp-allocator-block-size-background=1048576"
    "memorysetup-job-temp-allocator-reduction-small-platforms=262144"
    "memorysetup-allocator-temp-initial-block-size-main=262144"
    "memorysetup-allocator-temp-initial-block-size-worker=262144"
    "memorysetup-temp-allocator-size-background-worker=32768"
    "memorysetup-temp-allocator-size-job-worker=262144"
    "memorysetup-temp-allocator-size-preload-manager=33554432"
    "memorysetup-temp-allocator-size-nav-mesh-worker=65536"
    "memorysetup-temp-allocator-size-audio-worker=65536"
    "memorysetup-temp-allocator-size-cloud-worker=32768"
    "memorysetup-temp-allocator-size-gi-baking-worker=262144"
    "memorysetup-temp-allocator-size-gi-baking-worker=262144"
    "memorysetup-temp-allocator-size-gi-baking-worker=262144"
    "memorysetup-temp-allocator-size-gi-baking-worker=262144"
    "memorysetup-temp-allocator-size-gi-baking-worker=262144"
    "memorysetup-temp-allocator-size-gfx=262144"
Player connection [17740]  Target information:

Player connection [17740]  * "[IP] 192.168.0.16 [Port] 0 [Flags] 2 [Guid] 1612313583 [EditorId] 1612313583 [Version] 1048832 [Id] WindowsEditor(7,DESKTOP-E4HEA00) [Debug] 1 [PackageName] WindowsEditor [ProjectName] Editor" 

Player connection [17740] Host joined multi-casting on [225.0.0.222:54997]...
Player connection [17740] Host joined alternative multi-casting on [225.0.0.222:34997]...
JobSystem: Creating JobQueue using job-worker-count value 5
Input System module state changed to: Initialized.
[Physics::Module] Initialized fallback backend.
[Physics::Module] Id: 0xdecafbad
Library Redirect Path: Library/
[Physics::Module] Selected backend.
[Physics::Module] Name: PhysX
[Physics::Module] Id: 0xf2b8ea05
[Physics::Module] SDK Version: 4.1.2
[Physics::Module] Integration Version: 1.0.0
[Physics::Module] Threading Mode: Multi-Threaded
Refreshing native plugins compatible for Editor in 7.99 ms, found 4 plugins.
Preloading 0 native plugins for Editor in 0.00 ms.
Initialize engine version: 6000.0.38f1 (82314a941f2d)
[Subsystems] Discovering subsystems at path C:/Program Files/Unity/Hub/Editor/6000.0.38f1/Editor/Data/Resources/UnitySubsystems
[Subsystems] Discovering subsystems at path C:/Users/khale/Desktop/Backup/FYP_final/Assets
GfxDevice: creating device client; kGfxThreadingModeNonThreaded
Direct3D:
    Version:  Direct3D 11.0 [level 11.1]
    Renderer: NVIDIA GeForce GTX 1080 (ID=0x1b80)
    Vendor:   NVIDIA
    VRAM:     8059 MB
    Driver:   32.0.15.6094
Initialize mono
Mono path[0] = 'C:/Program Files/Unity/Hub/Editor/6000.0.38f1/Editor/Data/Managed'
Mono path[1] = 'C:/Program Files/Unity/Hub/Editor/6000.0.38f1/Editor/Data/MonoBleedingEdge/lib/mono/unityjit-win32'
Mono config path = 'C:/Program Files/Unity/Hub/Editor/6000.0.38f1/Editor/Data/MonoBleedingEdge/etc'
Using monoOptions --debugger-agent=transport=dt_socket,embedding=1,server=y,suspend=n,address=127.0.0.1:56096
Begin MonoManager ReloadAssembly
Registering precompiled unity dll's ...
Register platform support module: C:/Program Files/Unity/Hub/Editor/6000.0.38f1/Editor/Data/PlaybackEngines/WebGLSupport/UnityEditor.WebGL.Extensions.dll
Register platform support module: C:/Program Files/Unity/Hub/Editor/6000.0.38f1/Editor/Data/PlaybackEngines/WindowsStandaloneSupport/UnityEditor.WindowsStandalone.Extensions.dll
Register platform support module: C:/Program Files/Unity/Hub/Editor/6000.0.38f1/Editor/Data/PlaybackEngines/AndroidPlayer/UnityEditor.Android.Extensions.dll
Registered in 0.008637 seconds.
- Loaded All Assemblies, in  0.512 seconds
Native extension for Android target not found
Android Extension - Scanning For ADB Devices 290 ms
Native extension for WindowsStandalone target not found
Native extension for WebGL target not found
Mono: successfully reloaded assembly
- Finished resetting the current domain, in  0.714 seconds
Domain Reload Profiling: 1222ms
	BeginReloadAssembly (177ms)
		ExecutionOrderSort (0ms)
		DisableScriptedObjects (0ms)
		BackupInstance (0ms)
		ReleaseScriptingObjects (0ms)
		CreateAndSetChildDomain (1ms)
	RebuildCommonClasses (55ms)
	RebuildNativeTypeToScriptingClass (16ms)
	initialDomainReloadingComplete (65ms)
	LoadAllAssembliesAndSetupDomain (194ms)
		LoadAssemblies (174ms)
		RebuildTransferFunctionScriptingTraits (0ms)
		AnalyzeDomain (189ms)
			TypeCache.Refresh (187ms)
				TypeCache.ScanAssembly (172ms)
			BuildScriptInfoCaches (0ms)
			ResolveRequiredComponents (1ms)
	FinalizeReload (715ms)
		ReleaseScriptCaches (0ms)
		RebuildScriptCaches (0ms)
		SetupLoadedEditorAssemblies (666ms)
			LogAssemblyErrors (0ms)
			InitializePlatformSupportModulesInManaged (400ms)
			SetLoadedEditorAssemblies (4ms)
			BeforeProcessingInitializeOnLoad (56ms)
			ProcessInitializeOnLoadAttributes (139ms)
			ProcessInitializeOnLoadMethodAttributes (67ms)
			AfterProcessingInitializeOnLoad (0ms)
			EditorAssembliesLoaded (0ms)
		ExecutionOrderSort2 (0ms)
		AwakeInstancesAfterBackupRestoration (0ms)
========================================================================
Worker process is ready to serve import requests
Import Worker Mode flag is 0x00
Begin MonoManager ReloadAssembly
Launched and connected shader compiler UnityShaderCompiler.exe after 0.01 seconds
- Loaded All Assemblies, in  3.518 seconds
Failed to load build profile from Library/BuildProfiles/PlatformProfile.4e3c793746204150860bf175a9a41a05.asset.
0x00007ffcbee29efd (Unity) StackWalker::ShowCallstack
0x00007ffcbee39eb9 (Unity) PlatformStacktrace::GetStacktrace
0x00007ffcc00a727e (Unity) Stacktrace::GetStacktrace
0x00007ffcc064f92f (Unity) DebugStringToFile
0x00007ffcbdf79085 (Unity) DebugLogHandler_CUSTOM_Internal_Log
0x000002645c52067d (Mono JIT Code) (wrapper managed-to-native) UnityEngine.DebugLogHandler:Internal_Log_Injected (UnityEngine.LogType,UnityEngine.LogOption,UnityEngine.Bindings.ManagedSpanWrapper&,intptr)
0x000002645c520543 (Mono JIT Code) UnityEngine.DebugLogHandler:Internal_Log (UnityEngine.LogType,UnityEngine.LogOption,string,UnityEngine.Object)
0x000002645c52017b (Mono JIT Code) UnityEngine.DebugLogHandler:LogFormat (UnityEngine.LogType,UnityEngine.Object,string,object[])
0x00000262c23ffee0 (Mono JIT Code) UnityEngine.Logger:Log (UnityEngine.LogType,object)
0x00000262c23cfcba (Mono JIT Code) UnityEngine.Debug:LogWarning (object)
0x00000262c23c5f0b (Mono JIT Code) UnityEditor.Build.Profile.BuildProfileContext:OnEnable ()
0x00000262c240d658 (Mono JIT Code) (wrapper runtime-invoke) object:runtime_invoke_void__this__ (object,intptr,intptr,intptr)
0x00007ffccad368de (mono-2.0-bdwgc) mono_jit_runtime_invoke (at C:/build/output/Unity-Technologies/mono/mono/mini/mini-runtime.c:3445)
0x00007ffccac78404 (mono-2.0-bdwgc) do_runtime_invoke (at C:/build/output/Unity-Technologies/mono/mono/metadata/object.c:3068)
0x00007ffccac784f0 (mono-2.0-bdwgc) mono_runtime_invoke (at C:/build/output/Unity-Technologies/mono/mono/metadata/object.c:3115)
0x00007ffcbed4e224 (Unity) scripting_method_invoke
0x00007ffcbed25fa3 (Unity) ScriptingInvocation::Invoke
0x00007ffcbed2608e (Unity) ScriptingInvocation::InvokeChecked
0x00007ffcbedd03d6 (Unity) SerializableManagedRef::CallMethod
0x00007ffcbed10414 (Unity) MonoBehaviour::AwakeFromLoad
0x00007ffcbed1b741 (Unity) ResetAndApplyDefaultReferencesOnNewMonoBehaviour
0x00007ffcbed24451 (Unity) Scripting::CreateScriptableObjectWithType
0x00007ffcbdecec6d (Unity) ScriptableObject_CUSTOM_CreateScriptableObjectInstanceFromType
0x00000262c23c513d (Mono JIT Code) (wrapper managed-to-native) UnityEngine.ScriptableObject:CreateScriptableObjectInstanceFromType_Injected (System.Type,bool)
0x00000262c23c4efb (Mono JIT Code) UnityEngine.ScriptableObject:CreateScriptableObjectInstanceFromType (System.Type,bool)
0x00000262c23c4e83 (Mono JIT Code) UnityEngine.ScriptableObject:CreateInstance (System.Type)
0x00000262c23c4de3 (Mono JIT Code) UnityEngine.ScriptableObject:CreateInstance<T_REF> ()
0x00000262c23c472b (Mono JIT Code) UnityEditor.Build.Profile.BuildProfileContext:CreateOrLoad ()
0x00000262c23c4563 (Mono JIT Code) UnityEditor.Build.Profile.BuildProfileContext:get_instance ()
0x00000262c23c3bcb (Mono JIT Code) UnityEditor.Build.Profile.BuildProfileContext:GetActiveOrClassicBuildProfile (UnityEditor.BuildTarget,UnityEditor.StandaloneBuildSubtarget,string)
0x00000262c23c4106 (Mono JIT Code) (wrapper runtime-invoke) <Module>:runtime_invoke_object_int_int_object (object,intptr,intptr,intptr)
0x00007ffccad368de (mono-2.0-bdwgc) mono_jit_runtime_invoke (at C:/build/output/Unity-Technologies/mono/mono/mini/mini-runtime.c:3445)
0x00007ffccac78404 (mono-2.0-bdwgc) do_runtime_invoke (at C:/build/output/Unity-Technologies/mono/mono/metadata/object.c:3068)
0x00007ffccac784f0 (mono-2.0-bdwgc) mono_runtime_invoke (at C:/build/output/Unity-Technologies/mono/mono/metadata/object.c:3115)
0x00007ffcbed4e224 (Unity) scripting_method_invoke
0x00007ffcbed25fa3 (Unity) ScriptingInvocation::Invoke
0x00007ffcbed211de (Unity) ScriptingInvocation::Invoke<ScriptingObjectPtr>
0x00007ffcbee7e5a7 (Unity) Scripting::UnityEditor::Build::Profile::BuildProfileContextProxy::GetActiveOrClassicBuildProfile
0x00007ffcbf97a6c0 (Unity) EditorUserBuildSettings::GetSelectedAndroidBuildTextureSubtarget
0x00007ffcbf974638 (Unity) EditorUserBuildSettings::GetActiveSubTargetFor
0x00007ffcbfc0fa4c (Unity) GetPlaybackEngineVariationManagedDirectory
0x00007ffcbfc1193a (Unity) GetUnityEngineDllForBuildTarget
0x00007ffcbff4887d (Unity) GetUnityAssemblies
0x00007ffcbff52cc8 (Unity) GetUnityAssembliesManaged
0x00007ffcbff53456 (Unity) InitializeManagedCompilationPipeline
0x00007ffcbff560fb (Unity) ReinitializeUserTargetAssemblies
0x00007ffcc0385675 (Unity) UpdateScriptCompilationPipelineCaches
0x00007ffcc029c124 (Unity) AssetImportWorkerClient::RegisterTransientArtifacts
0x00007ffcc029c3aa (Unity) AssetImportWorkerClient::ReloadScriptingDomain
0x00007ffcc0277047 (Unity) <lambda_f96845ab1106210ce31769f863340c0d>::operator()
0x00007ffcc0359ade (Unity) asio::detail::completion_handler<core::mutable_function<void __cdecl(void)>,asio::io_context::basic_executor_type<std::allocator<void>,0> >::do_complete
0x00007ffcc034736a (Unity) asio::detail::win_iocp_io_context::do_one
0x00007ffcc034869e (Unity) asio::detail::win_iocp_io_context::run
0x00007ffcc03580fc (Unity) IOService::Run
0x00007ffcc02a0426 (Unity) RunAssetImportWorkerClientV2
0x00007ffcc02a04eb (Unity) RunAssetImporterV2
0x00007ffcbfaaa148 (Unity) Application::InitializeProject
0x00007ffcc00b1875 (Unity) UnityMain
0x00007ff735642fba (Unity) __scrt_common_main_seh
0x00007ffd61b37374 (KERNEL32) BaseThreadInitThunk
0x00007ffd61c7cc91 (ntdll) RtlUserThreadStart

Failed to load build profile from Library/BuildProfiles/PlatformProfile.b9b35072a6f44c2e863f17467ea3dc13.asset.
0x00007ffcbee29efd (Unity) StackWalker::ShowCallstack
0x00007ffcbee39eb9 (Unity) PlatformStacktrace::GetStacktrace
0x00007ffcc00a727e (Unity) Stacktrace::GetStacktrace
0x00007ffcc064f92f (Unity) DebugStringToFile
0x00007ffcbdf79085 (Unity) DebugLogHandler_CUSTOM_Internal_Log
0x000002645c52067d (Mono JIT Code) (wrapper managed-to-native) UnityEngine.DebugLogHandler:Internal_Log_Injected (UnityEngine.LogType,UnityEngine.LogOption,UnityEngine.Bindings.ManagedSpanWrapper&,intptr)
0x000002645c520543 (Mono JIT Code) UnityEngine.DebugLogHandler:Internal_Log (UnityEngine.LogType,UnityEngine.LogOption,string,UnityEngine.Object)
0x000002645c52017b (Mono JIT Code) UnityEngine.DebugLogHandler:LogFormat (UnityEngine.LogType,UnityEngine.Object,string,object[])
0x00000262c23ffee0 (Mono JIT Code) UnityEngine.Logger:Log (UnityEngine.LogType,object)
0x00000262c23cfcba (Mono JIT Code) UnityEngine.Debug:LogWarning (object)
0x00000262c23c5f0b (Mono JIT Code) UnityEditor.Build.Profile.BuildProfileContext:OnEnable ()
0x00000262c240d658 (Mono JIT Code) (wrapper runtime-invoke) object:runtime_invoke_void__this__ (object,intptr,intptr,intptr)
0x00007ffccad368de (mono-2.0-bdwgc) mono_jit_runtime_invoke (at C:/build/output/Unity-Technologies/mono/mono/mini/mini-runtime.c:3445)
0x00007ffccac78404 (mono-2.0-bdwgc) do_runtime_invoke (at C:/build/output/Unity-Technologies/mono/mono/metadata/object.c:3068)
0x00007ffccac784f0 (mono-2.0-bdwgc) mono_runtime_invoke (at C:/build/output/Unity-Technologies/mono/mono/metadata/object.c:3115)
0x00007ffcbed4e224 (Unity) scripting_method_invoke
0x00007ffcbed25fa3 (Unity) ScriptingInvocation::Invoke
0x00007ffcbed2608e (Unity) ScriptingInvocation::InvokeChecked
0x00007ffcbedd03d6 (Unity) SerializableManagedRef::CallMethod
0x00007ffcbed10414 (Unity) MonoBehaviour::AwakeFromLoad
0x00007ffcbed1b741 (Unity) ResetAndApplyDefaultReferencesOnNewMonoBehaviour
0x00007ffcbed24451 (Unity) Scripting::CreateScriptableObjectWithType
0x00007ffcbdecec6d (Unity) ScriptableObject_CUSTOM_CreateScriptableObjectInstanceFromType
0x00000262c23c513d (Mono JIT Code) (wrapper managed-to-native) UnityEngine.ScriptableObject:CreateScriptableObjectInstanceFromType_Injected (System.Type,bool)
0x00000262c23c4efb (Mono JIT Code) UnityEngine.ScriptableObject:CreateScriptableObjectInstanceFromType (System.Type,bool)
0x00000262c23c4e83 (Mono JIT Code) UnityEngine.ScriptableObject:CreateInstance (System.Type)
0x00000262c23c4de3 (Mono JIT Code) UnityEngine.ScriptableObject:CreateInstance<T_REF> ()
0x00000262c23c472b (Mono JIT Code) UnityEditor.Build.Profile.BuildProfileContext:CreateOrLoad ()
0x00000262c23c4563 (Mono JIT Code) UnityEditor.Build.Profile.BuildProfileContext:get_instance ()
0x00000262c23c3bcb (Mono JIT Code) UnityEditor.Build.Profile.BuildProfileContext:GetActiveOrClassicBuildProfile (UnityEditor.BuildTarget,UnityEditor.StandaloneBuildSubtarget,string)
0x00000262c23c4106 (Mono JIT Code) (wrapper runtime-invoke) <Module>:runtime_invoke_object_int_int_object (object,intptr,intptr,intptr)
0x00007ffccad368de (mono-2.0-bdwgc) mono_jit_runtime_invoke (at C:/build/output/Unity-Technologies/mono/mono/mini/mini-runtime.c:3445)
0x00007ffccac78404 (mono-2.0-bdwgc) do_runtime_invoke (at C:/build/output/Unity-Technologies/mono/mono/metadata/object.c:3068)
0x00007ffccac784f0 (mono-2.0-bdwgc) mono_runtime_invoke (at C:/build/output/Unity-Technologies/mono/mono/metadata/object.c:3115)
0x00007ffcbed4e224 (Unity) scripting_method_invoke
0x00007ffcbed25fa3 (Unity) ScriptingInvocation::Invoke
0x00007ffcbed211de (Unity) ScriptingInvocation::Invoke<ScriptingObjectPtr>
0x00007ffcbee7e5a7 (Unity) Scripting::UnityEditor::Build::Profile::BuildProfileContextProxy::GetActiveOrClassicBuildProfile
0x00007ffcbf97a6c0 (Unity) EditorUserBuildSettings::GetSelectedAndroidBuildTextureSubtarget
0x00007ffcbf974638 (Unity) EditorUserBuildSettings::GetActiveSubTargetFor
0x00007ffcbfc0fa4c (Unity) GetPlaybackEngineVariationManagedDirectory
0x00007ffcbfc1193a (Unity) GetUnityEngineDllForBuildTarget
0x00007ffcbff4887d (Unity) GetUnityAssemblies
0x00007ffcbff52cc8 (Unity) GetUnityAssembliesManaged
0x00007ffcbff53456 (Unity) InitializeManagedCompilationPipeline
0x00007ffcbff560fb (Unity) ReinitializeUserTargetAssemblies
0x00007ffcc0385675 (Unity) UpdateScriptCompilationPipelineCaches
0x00007ffcc029c124 (Unity) AssetImportWorkerClient::RegisterTransientArtifacts
0x00007ffcc029c3aa (Unity) AssetImportWorkerClient::ReloadScriptingDomain
0x00007ffcc0277047 (Unity) <lambda_f96845ab1106210ce31769f863340c0d>::operator()
0x00007ffcc0359ade (Unity) asio::detail::completion_handler<core::mutable_function<void __cdecl(void)>,asio::io_context::basic_executor_type<std::allocator<void>,0> >::do_complete
0x00007ffcc034736a (Unity) asio::detail::win_iocp_io_context::do_one
0x00007ffcc034869e (Unity) asio::detail::win_iocp_io_context::run
0x00007ffcc03580fc (Unity) IOService::Run
0x00007ffcc02a0426 (Unity) RunAssetImportWorkerClientV2
0x00007ffcc02a04eb (Unity) RunAssetImporterV2
0x00007ffcbfaaa148 (Unity) Application::InitializeProject
0x00007ffcc00b1875 (Unity) UnityMain
0x00007ff735642fba (Unity) __scrt_common_main_seh
0x00007ffd61b37374 (KERNEL32) BaseThreadInitThunk
0x00007ffd61c7cc91 (ntdll) RtlUserThreadStart

Failed to load build profile from Library/BuildProfiles/PlatformProfile.84a3bb9e7420477f885e98145999eb20.asset.
0x00007ffcbee29efd (Unity) StackWalker::ShowCallstack
0x00007ffcbee39eb9 (Unity) PlatformStacktrace::GetStacktrace
0x00007ffcc00a727e (Unity) Stacktrace::GetStacktrace
0x00007ffcc064f92f (Unity) DebugStringToFile
0x00007ffcbdf79085 (Unity) DebugLogHandler_CUSTOM_Internal_Log
0x000002645c52067d (Mono JIT Code) (wrapper managed-to-native) UnityEngine.DebugLogHandler:Internal_Log_Injected (UnityEngine.LogType,UnityEngine.LogOption,UnityEngine.Bindings.ManagedSpanWrapper&,intptr)
0x000002645c520543 (Mono JIT Code) UnityEngine.DebugLogHandler:Internal_Log (UnityEngine.LogType,UnityEngine.LogOption,string,UnityEngine.Object)
0x000002645c52017b (Mono JIT Code) UnityEngine.DebugLogHandler:LogFormat (UnityEngine.LogType,UnityEngine.Object,string,object[])
0x00000262c23ffee0 (Mono JIT Code) UnityEngine.Logger:Log (UnityEngine.LogType,object)
0x00000262c23cfcba (Mono JIT Code) UnityEngine.Debug:LogWarning (object)
0x00000262c23c5f0b (Mono JIT Code) UnityEditor.Build.Profile.BuildProfileContext:OnEnable ()
0x00000262c240d658 (Mono JIT Code) (wrapper runtime-invoke) object:runtime_invoke_void__this__ (object,intptr,intptr,intptr)
0x00007ffccad368de (mono-2.0-bdwgc) mono_jit_runtime_invoke (at C:/build/output/Unity-Technologies/mono/mono/mini/mini-runtime.c:3445)
0x00007ffccac78404 (mono-2.0-bdwgc) do_runtime_invoke (at C:/build/output/Unity-Technologies/mono/mono/metadata/object.c:3068)
0x00007ffccac784f0 (mono-2.0-bdwgc) mono_runtime_invoke (at C:/build/output/Unity-Technologies/mono/mono/metadata/object.c:3115)
0x00007ffcbed4e224 (Unity) scripting_method_invoke
0x00007ffcbed25fa3 (Unity) ScriptingInvocation::Invoke
0x00007ffcbed2608e (Unity) ScriptingInvocation::InvokeChecked
0x00007ffcbedd03d6 (Unity) SerializableManagedRef::CallMethod
0x00007ffcbed10414 (Unity) MonoBehaviour::AwakeFromLoad
0x00007ffcbed1b741 (Unity) ResetAndApplyDefaultReferencesOnNewMonoBehaviour
0x00007ffcbed24451 (Unity) Scripting::CreateScriptableObjectWithType
0x00007ffcbdecec6d (Unity) ScriptableObject_CUSTOM_CreateScriptableObjectInstanceFromType
0x00000262c23c513d (Mono JIT Code) (wrapper managed-to-native) UnityEngine.ScriptableObject:CreateScriptableObjectInstanceFromType_Injected (System.Type,bool)
0x00000262c23c4efb (Mono JIT Code) UnityEngine.ScriptableObject:CreateScriptableObjectInstanceFromType (System.Type,bool)
0x00000262c23c4e83 (Mono JIT Code) UnityEngine.ScriptableObject:CreateInstance (System.Type)
0x00000262c23c4de3 (Mono JIT Code) UnityEngine.ScriptableObject:CreateInstance<T_REF> ()
0x00000262c23c472b (Mono JIT Code) UnityEditor.Build.Profile.BuildProfileContext:CreateOrLoad ()
0x00000262c23c4563 (Mono JIT Code) UnityEditor.Build.Profile.BuildProfileContext:get_instance ()
0x00000262c23c3bcb (Mono JIT Code) UnityEditor.Build.Profile.BuildProfileContext:GetActiveOrClassicBuildProfile (UnityEditor.BuildTarget,UnityEditor.StandaloneBuildSubtarget,string)
0x00000262c23c4106 (Mono JIT Code) (wrapper runtime-invoke) <Module>:runtime_invoke_object_int_int_object (object,intptr,intptr,intptr)
0x00007ffccad368de (mono-2.0-bdwgc) mono_jit_runtime_invoke (at C:/build/output/Unity-Technologies/mono/mono/mini/mini-runtime.c:3445)
0x00007ffccac78404 (mono-2.0-bdwgc) do_runtime_invoke (at C:/build/output/Unity-Technologies/mono/mono/metadata/object.c:3068)
0x00007ffccac784f0 (mono-2.0-bdwgc) mono_runtime_invoke (at C:/build/output/Unity-Technologies/mono/mono/metadata/object.c:3115)
0x00007ffcbed4e224 (Unity) scripting_method_invoke
0x00007ffcbed25fa3 (Unity) ScriptingInvocation::Invoke
0x00007ffcbed211de (Unity) ScriptingInvocation::Invoke<ScriptingObjectPtr>
0x00007ffcbee7e5a7 (Unity) Scripting::UnityEditor::Build::Profile::BuildProfileContextProxy::GetActiveOrClassicBuildProfile
0x00007ffcbf97a6c0 (Unity) EditorUserBuildSettings::GetSelectedAndroidBuildTextureSubtarget
0x00007ffcbf974638 (Unity) EditorUserBuildSettings::GetActiveSubTargetFor
0x00007ffcbfc0fa4c (Unity) GetPlaybackEngineVariationManagedDirectory
0x00007ffcbfc1193a (Unity) GetUnityEngineDllForBuildTarget
0x00007ffcbff4887d (Unity) GetUnityAssemblies
0x00007ffcbff52cc8 (Unity) GetUnityAssembliesManaged
0x00007ffcbff53456 (Unity) InitializeManagedCompilationPipeline
0x00007ffcbff560fb (Unity) ReinitializeUserTargetAssemblies
0x00007ffcc0385675 (Unity) UpdateScriptCompilationPipelineCaches
0x00007ffcc029c124 (Unity) AssetImportWorkerClient::RegisterTransientArtifacts
0x00007ffcc029c3aa (Unity) AssetImportWorkerClient::ReloadScriptingDomain
0x00007ffcc0277047 (Unity) <lambda_f96845ab1106210ce31769f863340c0d>::operator()
0x00007ffcc0359ade (Unity) asio::detail::completion_handler<core::mutable_function<void __cdecl(void)>,asio::io_context::basic_executor_type<std::allocator<void>,0> >::do_complete
0x00007ffcc034736a (Unity) asio::detail::win_iocp_io_context::do_one
0x00007ffcc034869e (Unity) asio::detail::win_iocp_io_context::run
0x00007ffcc03580fc (Unity) IOService::Run
0x00007ffcc02a0426 (Unity) RunAssetImportWorkerClientV2
0x00007ffcc02a04eb (Unity) RunAssetImporterV2
0x00007ffcbfaaa148 (Unity) Application::InitializeProject
0x00007ffcc00b1875 (Unity) UnityMain
0x00007ff735642fba (Unity) __scrt_common_main_seh
0x00007ffd61b37374 (KERNEL32) BaseThreadInitThunk
0x00007ffd61c7cc91 (ntdll) RtlUserThreadStart

Failed to load shared profile from Library/BuildProfiles/SharedProfile.asset.
0x00007ffcbee29efd (Unity) StackWalker::ShowCallstack
0x00007ffcbee39eb9 (Unity) PlatformStacktrace::GetStacktrace
0x00007ffcc00a727e (Unity) Stacktrace::GetStacktrace
0x00007ffcc064f92f (Unity) DebugStringToFile
0x00007ffcbdf79085 (Unity) DebugLogHandler_CUSTOM_Internal_Log
0x000002645c52067d (Mono JIT Code) (wrapper managed-to-native) UnityEngine.DebugLogHandler:Internal_Log_Injected (UnityEngine.LogType,UnityEngine.LogOption,UnityEngine.Bindings.ManagedSpanWrapper&,intptr)
0x000002645c520543 (Mono JIT Code) UnityEngine.DebugLogHandler:Internal_Log (UnityEngine.LogType,UnityEngine.LogOption,string,UnityEngine.Object)
0x000002645c52017b (Mono JIT Code) UnityEngine.DebugLogHandler:LogFormat (UnityEngine.LogType,UnityEngine.Object,string,object[])
0x00000262c23ffee0 (Mono JIT Code) UnityEngine.Logger:Log (UnityEngine.LogType,object)
0x00000262c23cfcba (Mono JIT Code) UnityEngine.Debug:LogWarning (object)
0x00000262c23c6153 (Mono JIT Code) UnityEditor.Build.Profile.BuildProfileContext:OnEnable ()
0x00000262c240d658 (Mono JIT Code) (wrapper runtime-invoke) object:runtime_invoke_void__this__ (object,intptr,intptr,intptr)
0x00007ffccad368de (mono-2.0-bdwgc) mono_jit_runtime_invoke (at C:/build/output/Unity-Technologies/mono/mono/mini/mini-runtime.c:3445)
0x00007ffccac78404 (mono-2.0-bdwgc) do_runtime_invoke (at C:/build/output/Unity-Technologies/mono/mono/metadata/object.c:3068)
0x00007ffccac784f0 (mono-2.0-bdwgc) mono_runtime_invoke (at C:/build/output/Unity-Technologies/mono/mono/metadata/object.c:3115)
0x00007ffcbed4e224 (Unity) scripting_method_invoke
0x00007ffcbed25fa3 (Unity) ScriptingInvocation::Invoke
0x00007ffcbed2608e (Unity) ScriptingInvocation::InvokeChecked
0x00007ffcbedd03d6 (Unity) SerializableManagedRef::CallMethod
0x00007ffcbed10414 (Unity) MonoBehaviour::AwakeFromLoad
0x00007ffcbed1b741 (Unity) ResetAndApplyDefaultReferencesOnNewMonoBehaviour
0x00007ffcbed24451 (Unity) Scripting::CreateScriptableObjectWithType
0x00007ffcbdecec6d (Unity) ScriptableObject_CUSTOM_CreateScriptableObjectInstanceFromType
0x00000262c23c513d (Mono JIT Code) (wrapper managed-to-native) UnityEngine.ScriptableObject:CreateScriptableObjectInstanceFromType_Injected (System.Type,bool)
0x00000262c23c4efb (Mono JIT Code) UnityEngine.ScriptableObject:CreateScriptableObjectInstanceFromType (System.Type,bool)
0x00000262c23c4e83 (Mono JIT Code) UnityEngine.ScriptableObject:CreateInstance (System.Type)
0x00000262c23c4de3 (Mono JIT Code) UnityEngine.ScriptableObject:CreateInstance<T_REF> ()
0x00000262c23c472b (Mono JIT Code) UnityEditor.Build.Profile.BuildProfileContext:CreateOrLoad ()
0x00000262c23c4563 (Mono JIT Code) UnityEditor.Build.Profile.BuildProfileContext:get_instance ()
0x00000262c23c3bcb (Mono JIT Code) UnityEditor.Build.Profile.BuildProfileContext:GetActiveOrClassicBuildProfile (UnityEditor.BuildTarget,UnityEditor.StandaloneBuildSubtarget,string)
0x00000262c23c4106 (Mono JIT Code) (wrapper runtime-invoke) <Module>:runtime_invoke_object_int_int_object (object,intptr,intptr,intptr)
0x00007ffccad368de (mono-2.0-bdwgc) mono_jit_runtime_invoke (at C:/build/output/Unity-Technologies/mono/mono/mini/mini-runtime.c:3445)
0x00007ffccac78404 (mono-2.0-bdwgc) do_runtime_invoke (at C:/build/output/Unity-Technologies/mono/mono/metadata/object.c:3068)
0x00007ffccac784f0 (mono-2.0-bdwgc) mono_runtime_invoke (at C:/build/output/Unity-Technologies/mono/mono/metadata/object.c:3115)
0x00007ffcbed4e224 (Unity) scripting_method_invoke
0x00007ffcbed25fa3 (Unity) ScriptingInvocation::Invoke
0x00007ffcbed211de (Unity) ScriptingInvocation::Invoke<ScriptingObjectPtr>
0x00007ffcbee7e5a7 (Unity) Scripting::UnityEditor::Build::Profile::BuildProfileContextProxy::GetActiveOrClassicBuildProfile
0x00007ffcbf97a6c0 (Unity) EditorUserBuildSettings::GetSelectedAndroidBuildTextureSubtarget
0x00007ffcbf974638 (Unity) EditorUserBuildSettings::GetActiveSubTargetFor
0x00007ffcbfc0fa4c (Unity) GetPlaybackEngineVariationManagedDirectory
0x00007ffcbfc1193a (Unity) GetUnityEngineDllForBuildTarget
0x00007ffcbff4887d (Unity) GetUnityAssemblies
0x00007ffcbff52cc8 (Unity) GetUnityAssembliesManaged
0x00007ffcbff53456 (Unity) InitializeManagedCompilationPipeline
0x00007ffcbff560fb (Unity) ReinitializeUserTargetAssemblies
0x00007ffcc0385675 (Unity) UpdateScriptCompilationPipelineCaches
0x00007ffcc029c124 (Unity) AssetImportWorkerClient::RegisterTransientArtifacts
0x00007ffcc029c3aa (Unity) AssetImportWorkerClient::ReloadScriptingDomain
0x00007ffcc0277047 (Unity) <lambda_f96845ab1106210ce31769f863340c0d>::operator()
0x00007ffcc0359ade (Unity) asio::detail::completion_handler<core::mutable_function<void __cdecl(void)>,asio::io_context::basic_executor_type<std::allocator<void>,0> >::do_complete
0x00007ffcc034736a (Unity) asio::detail::win_iocp_io_context::do_one
0x00007ffcc034869e (Unity) asio::detail::win_iocp_io_context::run
0x00007ffcc03580fc (Unity) IOService::Run
0x00007ffcc02a0426 (Unity) RunAssetImportWorkerClientV2
0x00007ffcc02a04eb (Unity) RunAssetImporterV2
0x00007ffcbfaaa148 (Unity) Application::InitializeProject
0x00007ffcc00b1875 (Unity) UnityMain
0x00007ff735642fba (Unity) __scrt_common_main_seh
0x00007ffd61b37374 (KERNEL32) BaseThreadInitThunk
0x00007ffd61c7cc91 (ntdll) RtlUserThreadStart

Refreshing native plugins compatible for Editor in 5.56 ms, found 4 plugins.
BuildProfileContext singleton already exists.
0x00007ffcbee29efd (Unity) StackWalker::ShowCallstack
0x00007ffcbee39eb9 (Unity) PlatformStacktrace::GetStacktrace
0x00007ffcc00a727e (Unity) Stacktrace::GetStacktrace
0x00007ffcc064f92f (Unity) DebugStringToFile
0x00007ffcbdf79085 (Unity) DebugLogHandler_CUSTOM_Internal_Log
0x000002645c52067d (Mono JIT Code) (wrapper managed-to-native) UnityEngine.DebugLogHandler:Internal_Log_Injected (UnityEngine.LogType,UnityEngine.LogOption,UnityEngine.Bindings.ManagedSpanWrapper&,intptr)
0x000002645c520543 (Mono JIT Code) UnityEngine.DebugLogHandler:Internal_Log (UnityEngine.LogType,UnityEngine.LogOption,string,UnityEngine.Object)
0x000002645c52017b (Mono JIT Code) UnityEngine.DebugLogHandler:LogFormat (UnityEngine.LogType,UnityEngine.Object,string,object[])
0x00000262c23ffee0 (Mono JIT Code) UnityEngine.Logger:Log (UnityEngine.LogType,object)
0x000002647e609bd5 (Mono JIT Code) UnityEngine.Debug:LogError (object)
0x00000262c23c533b (Mono JIT Code) UnityEditor.Build.Profile.BuildProfileContext:.ctor ()
0x00000262c240d658 (Mono JIT Code) (wrapper runtime-invoke) object:runtime_invoke_void__this__ (object,intptr,intptr,intptr)
0x00007ffccad368de (mono-2.0-bdwgc) mono_jit_runtime_invoke (at C:/build/output/Unity-Technologies/mono/mono/mini/mini-runtime.c:3445)
0x00007ffccac78404 (mono-2.0-bdwgc) do_runtime_invoke (at C:/build/output/Unity-Technologies/mono/mono/metadata/object.c:3068)
0x00007ffccac784f0 (mono-2.0-bdwgc) mono_runtime_invoke (at C:/build/output/Unity-Technologies/mono/mono/metadata/object.c:3115)
0x00007ffcbecf0595 (Unity) mono_runtime_object_init_exception
0x00007ffcbed4ff60 (Unity) scripting_unity_engine_object_new_and_invoke_default_constructor
0x00007ffcbedd1ecd (Unity) SerializableManagedRef::RebuildMonoInstance
0x00007ffcbecf2114 (Unity) SerializableManagedRefTransfer::RestoreBackup<SerializableManagedRefBackupGenerator>
0x00007ffcbedd25dc (Unity) SerializableManagedRefsUtilities::RestoreBackups
0x00007ffcbed13fd4 (Unity) MonoManager::FinalizeReload
0x00007ffcc024c9f5 (Unity) ScriptingInitializer::FinalizeReload
0x00007ffcc029c3af (Unity) AssetImportWorkerClient::ReloadScriptingDomain
0x00007ffcc0277047 (Unity) <lambda_f96845ab1106210ce31769f863340c0d>::operator()
0x00007ffcc0359ade (Unity) asio::detail::completion_handler<core::mutable_function<void __cdecl(void)>,asio::io_context::basic_executor_type<std::allocator<void>,0> >::do_complete
0x00007ffcc034736a (Unity) asio::detail::win_iocp_io_context::do_one
0x00007ffcc034869e (Unity) asio::detail::win_iocp_io_context::run
0x00007ffcc03580fc (Unity) IOService::Run
0x00007ffcc02a0426 (Unity) RunAssetImportWorkerClientV2
0x00007ffcc02a04eb (Unity) RunAssetImporterV2
0x00007ffcbfaaa148 (Unity) Application::InitializeProject
0x00007ffcc00b1875 (Unity) UnityMain
0x00007ff735642fba (Unity) __scrt_common_main_seh
0x00007ffd61b37374 (KERNEL32) BaseThreadInitThunk
0x00007ffd61c7cc91 (ntdll) RtlUserThreadStart

Native extension for Android target not found
Native extension for WindowsStandalone target not found
Native extension for WebGL target not found
Mono: successfully reloaded assembly
Package Manager log level set to [2]
[Package Manager] Failed to launch server process. Reason: Unity was launched with the -noUpm command-line argument
[Package Manager] Unable to send message (not connected to server process).
[Package Manager] Cannot connect to Unity Package Manager local server
[Package Manager] Failed to launch server process. Reason: Unity was launched with the -noUpm command-line argument
[Package Manager] Unable to send message (not connected to server process).
[Package Manager] Cannot connect to Unity Package Manager local server
- Finished resetting the current domain, in  0.925 seconds
Domain Reload Profiling: 4435ms
	BeginReloadAssembly (2732ms)
		ExecutionOrderSort (0ms)
		DisableScriptedObjects (2521ms)
		BackupInstance (0ms)
		ReleaseScriptingObjects (0ms)
		CreateAndSetChildDomain (34ms)
	RebuildCommonClasses (39ms)
	RebuildNativeTypeToScriptingClass (17ms)
	initialDomainReloadingComplete (48ms)
	LoadAllAssembliesAndSetupDomain (673ms)
		LoadAssemblies (460ms)
		RebuildTransferFunctionScriptingTraits (0ms)
		AnalyzeDomain (332ms)
			TypeCache.Refresh (234ms)
				TypeCache.ScanAssembly (214ms)
			BuildScriptInfoCaches (81ms)
			ResolveRequiredComponents (14ms)
	FinalizeReload (925ms)
		ReleaseScriptCaches (0ms)
		RebuildScriptCaches (0ms)
		SetupLoadedEditorAssemblies (699ms)
			LogAssemblyErrors (0ms)
			InitializePlatformSupportModulesInManaged (11ms)
			SetLoadedEditorAssemblies (4ms)
			BeforeProcessingInitializeOnLoad (160ms)
			ProcessInitializeOnLoadAttributes (379ms)
			ProcessInitializeOnLoadMethodAttributes (136ms)
			AfterProcessingInitializeOnLoad (9ms)
			EditorAssembliesLoaded (0ms)
		ExecutionOrderSort2 (0ms)
		AwakeInstancesAfterBackupRestoration (10ms)
Refreshing native plugins compatible for Editor in 5.69 ms, found 4 plugins.
Preloading 0 native plugins for Editor in 0.00 ms.
Unloading 223 Unused Serialized files (Serialized files now loaded: 0)
Unloading 6922 unused Assets / (7.3 MB). Loaded Objects now: 7622.
Memory consumption went from 185.3 MB to 178.0 MB.
Total: 11.886300 ms (FindLiveObjects: 1.055000 ms CreateObjectMapping: 0.493200 ms MarkObjects: 6.025900 ms  DeleteObjects: 4.310300 ms)

========================================================================
Received Import Request.
  Time since last request: 74507.323923 seconds.
  path: Assets/DogAnimations/Sad/Sprite-dog3.png
  artifactKey: Guid(aa89d4045dc18aa49adf43768c62182d) Importer(815301076,1909f56bfc062723c751e8b465ee728b)
Start importing Assets/DogAnimations/Sad/Sprite-dog3.png using Guid(aa89d4045dc18aa49adf43768c62182d) Importer(815301076,1909f56bfc062723c751e8b465ee728b) (PreviewImporter) -> (artifact id: '1535a958972591f61f365719a98184ba') in 0.0991014 seconds
Number of updated asset objects reloaded before import = 0Number of asset objects unloaded after import = 3

========================================================================
Received Import Request.
  Time since last request: 0.000022 seconds.
  path: Assets/DogAnimations/Sad/DogIdleSad.anim
  artifactKey: Guid(93660e33bdcb8d3469d462135ef55b1d) Importer(815301076,1909f56bfc062723c751e8b465ee728b)
Start importing Assets/DogAnimations/Sad/DogIdleSad.anim using Guid(93660e33bdcb8d3469d462135ef55b1d) Importer(815301076,1909f56bfc062723c751e8b465ee728b) (PreviewImporter) -> (artifact id: 'dd2efe4d1efe30223d0090dd47d26ed8') in 0.0017227 seconds
Number of updated asset objects reloaded before import = 0Number of asset objects unloaded after import = 1

========================================================================
Received Import Request.
  Time since last request: 0.000025 seconds.
  path: Assets/DogAnimations/Sad/Sprite-dog8.png
  artifactKey: Guid(8ec07499ebb18b24b9fb0d4b32ab5708) Importer(815301076,1909f56bfc062723c751e8b465ee728b)
Start importing Assets/DogAnimations/Sad/Sprite-dog8.png using Guid(8ec07499ebb18b24b9fb0d4b32ab5708) Importer(815301076,1909f56bfc062723c751e8b465ee728b) (PreviewImporter) -> (artifact id: '7a8f969b9360e18b52af16a44fab813d') in 0.0178134 seconds
Number of updated asset objects reloaded before import = 0Number of asset objects unloaded after import = 3

========================================================================
Received Import Request.
  Time since last request: 0.000014 seconds.
  path: Assets/DogAnimations/Sad/Sprite-dog10.png
  artifactKey: Guid(aeb68b3ea75525844a9c093b8c71d453) Importer(815301076,1909f56bfc062723c751e8b465ee728b)
Start importing Assets/DogAnimations/Sad/Sprite-dog10.png using Guid(aeb68b3ea75525844a9c093b8c71d453) Importer(815301076,1909f56bfc062723c751e8b465ee728b) (PreviewImporter) -> (artifact id: '5d442f721a6d94ab101ee7c4c49df42e') in 0.0157664 seconds
Number of updated asset objects reloaded before import = 0Number of asset objects unloaded after import = 3

========================================================================
Received Prepare
Begin MonoManager ReloadAssembly
- Loaded All Assemblies, in  0.938 seconds
Refreshing native plugins compatible for Editor in 5.20 ms, found 4 plugins.
BuildProfileContext singleton already exists.
0x00007ffcbee29efd (Unity) StackWalker::ShowCallstack
0x00007ffcbee39eb9 (Unity) PlatformStacktrace::GetStacktrace
0x00007ffcc00a727e (Unity) Stacktrace::GetStacktrace
0x00007ffcc064f92f (Unity) DebugStringToFile
0x00007ffcbdf79085 (Unity) DebugLogHandler_CUSTOM_Internal_Log
0x000002647e595aad (Mono JIT Code) (wrapper managed-to-native) UnityEngine.DebugLogHandler:Internal_Log_Injected (UnityEngine.LogType,UnityEngine.LogOption,UnityEngine.Bindings.ManagedSpanWrapper&,intptr)
0x000002647e595973 (Mono JIT Code) UnityEngine.DebugLogHandler:Internal_Log (UnityEngine.LogType,UnityEngine.LogOption,string,UnityEngine.Object)
0x000002647e5952db (Mono JIT Code) UnityEngine.DebugLogHandler:LogFormat (UnityEngine.LogType,UnityEngine.Object,string,object[])
0x000002647e595060 (Mono JIT Code) UnityEngine.Logger:Log (UnityEngine.LogType,object)
0x000002647e594d17 (Mono JIT Code) UnityEngine.Debug:LogError (object)
0x000002645c4a0f9b (Mono JIT Code) UnityEditor.Build.Profile.BuildProfileContext:.ctor ()
0x0000026490a38998 (Mono JIT Code) (wrapper runtime-invoke) object:runtime_invoke_void__this__ (object,intptr,intptr,intptr)
0x00007ffccad368de (mono-2.0-bdwgc) mono_jit_runtime_invoke (at C:/build/output/Unity-Technologies/mono/mono/mini/mini-runtime.c:3445)
0x00007ffccac78404 (mono-2.0-bdwgc) do_runtime_invoke (at C:/build/output/Unity-Technologies/mono/mono/metadata/object.c:3068)
0x00007ffccac784f0 (mono-2.0-bdwgc) mono_runtime_invoke (at C:/build/output/Unity-Technologies/mono/mono/metadata/object.c:3115)
0x00007ffcbecf0595 (Unity) mono_runtime_object_init_exception
0x00007ffcbed4ff60 (Unity) scripting_unity_engine_object_new_and_invoke_default_constructor
0x00007ffcbedd1ecd (Unity) SerializableManagedRef::RebuildMonoInstance
0x00007ffcbecf2114 (Unity) SerializableManagedRefTransfer::RestoreBackup<SerializableManagedRefBackupGenerator>
0x00007ffcbedd25dc (Unity) SerializableManagedRefsUtilities::RestoreBackups
0x00007ffcbed13fd4 (Unity) MonoManager::FinalizeReload
0x00007ffcc024c9f5 (Unity) ScriptingInitializer::FinalizeReload
0x00007ffcc029c3af (Unity) AssetImportWorkerClient::ReloadScriptingDomain
0x00007ffcc0275dac (Unity) <lambda_94302c41bc55323db1fed16712a08587>::operator()
0x00007ffcc0359ade (Unity) asio::detail::completion_handler<core::mutable_function<void __cdecl(void)>,asio::io_context::basic_executor_type<std::allocator<void>,0> >::do_complete
0x00007ffcc034736a (Unity) asio::detail::win_iocp_io_context::do_one
0x00007ffcc03486d4 (Unity) asio::detail::win_iocp_io_context::run
0x00007ffcc03580fc (Unity) IOService::Run
0x00007ffcc02a0426 (Unity) RunAssetImportWorkerClientV2
0x00007ffcc02a04eb (Unity) RunAssetImporterV2
0x00007ffcbfaaa148 (Unity) Application::InitializeProject
0x00007ffcc00b1875 (Unity) UnityMain
0x00007ff735642fba (Unity) __scrt_common_main_seh
0x00007ffd61b37374 (KERNEL32) BaseThreadInitThunk
0x00007ffd61c7cc91 (ntdll) RtlUserThreadStart

BuildProfileContext singleton already exists.
0x00007ffcbee29efd (Unity) StackWalker::ShowCallstack
0x00007ffcbee39eb9 (Unity) PlatformStacktrace::GetStacktrace
0x00007ffcc00a727e (Unity) Stacktrace::GetStacktrace
0x00007ffcc064f92f (Unity) DebugStringToFile
0x00007ffcbdf79085 (Unity) DebugLogHandler_CUSTOM_Internal_Log
0x000002647e595aad (Mono JIT Code) (wrapper managed-to-native) UnityEngine.DebugLogHandler:Internal_Log_Injected (UnityEngine.LogType,UnityEngine.LogOption,UnityEngine.Bindings.ManagedSpanWrapper&,intptr)
0x000002647e595973 (Mono JIT Code) UnityEngine.DebugLogHandler:Internal_Log (UnityEngine.LogType,UnityEngine.LogOption,string,UnityEngine.Object)
0x000002647e5952db (Mono JIT Code) UnityEngine.DebugLogHandler:LogFormat (UnityEngine.LogType,UnityEngine.Object,string,object[])
0x000002647e595060 (Mono JIT Code) UnityEngine.Logger:Log (UnityEngine.LogType,object)
0x000002647e594d17 (Mono JIT Code) UnityEngine.Debug:LogError (object)
0x000002645c4a0f9b (Mono JIT Code) UnityEditor.Build.Profile.BuildProfileContext:.ctor ()
0x0000026490a38998 (Mono JIT Code) (wrapper runtime-invoke) object:runtime_invoke_void__this__ (object,intptr,intptr,intptr)
0x00007ffccad368de (mono-2.0-bdwgc) mono_jit_runtime_invoke (at C:/build/output/Unity-Technologies/mono/mono/mini/mini-runtime.c:3445)
0x00007ffccac78404 (mono-2.0-bdwgc) do_runtime_invoke (at C:/build/output/Unity-Technologies/mono/mono/metadata/object.c:3068)
0x00007ffccac784f0 (mono-2.0-bdwgc) mono_runtime_invoke (at C:/build/output/Unity-Technologies/mono/mono/metadata/object.c:3115)
0x00007ffcbecf0595 (Unity) mono_runtime_object_init_exception
0x00007ffcbed4ff60 (Unity) scripting_unity_engine_object_new_and_invoke_default_constructor
0x00007ffcbedd1ecd (Unity) SerializableManagedRef::RebuildMonoInstance
0x00007ffcbecf2114 (Unity) SerializableManagedRefTransfer::RestoreBackup<SerializableManagedRefBackupGenerator>
0x00007ffcbedd25dc (Unity) SerializableManagedRefsUtilities::RestoreBackups
0x00007ffcbed13fd4 (Unity) MonoManager::FinalizeReload
0x00007ffcc024c9f5 (Unity) ScriptingInitializer::FinalizeReload
0x00007ffcc029c3af (Unity) AssetImportWorkerClient::ReloadScriptingDomain
0x00007ffcc0275dac (Unity) <lambda_94302c41bc55323db1fed16712a08587>::operator()
0x00007ffcc0359ade (Unity) asio::detail::completion_handler<core::mutable_function<void __cdecl(void)>,asio::io_context::basic_executor_type<std::allocator<void>,0> >::do_complete
0x00007ffcc034736a (Unity) asio::detail::win_iocp_io_context::do_one
0x00007ffcc03486d4 (Unity) asio::detail::win_iocp_io_context::run
0x00007ffcc03580fc (Unity) IOService::Run
0x00007ffcc02a0426 (Unity) RunAssetImportWorkerClientV2
0x00007ffcc02a04eb (Unity) RunAssetImporterV2
0x00007ffcbfaaa148 (Unity) Application::InitializeProject
0x00007ffcc00b1875 (Unity) UnityMain
0x00007ff735642fba (Unity) __scrt_common_main_seh
0x00007ffd61b37374 (KERNEL32) BaseThreadInitThunk
0x00007ffd61c7cc91 (ntdll) RtlUserThreadStart

Native extension for Android target not found
Native extension for WindowsStandalone target not found
Native extension for WebGL target not found
Failed to load build profile from Library/BuildProfiles/PlatformProfile.4e3c793746204150860bf175a9a41a05.asset.
0x00007ffcbee29efd (Unity) StackWalker::ShowCallstack
0x00007ffcbee39eb9 (Unity) PlatformStacktrace::GetStacktrace
0x00007ffcc00a727e (Unity) Stacktrace::GetStacktrace
0x00007ffcc064f92f (Unity) DebugStringToFile
0x00007ffcbdf79085 (Unity) DebugLogHandler_CUSTOM_Internal_Log
0x000002647e595aad (Mono JIT Code) (wrapper managed-to-native) UnityEngine.DebugLogHandler:Internal_Log_Injected (UnityEngine.LogType,UnityEngine.LogOption,UnityEngine.Bindings.ManagedSpanWrapper&,intptr)
0x000002647e595973 (Mono JIT Code) UnityEngine.DebugLogHandler:Internal_Log (UnityEngine.LogType,UnityEngine.LogOption,string,UnityEngine.Object)
0x000002647e5952db (Mono JIT Code) UnityEngine.DebugLogHandler:LogFormat (UnityEngine.LogType,UnityEngine.Object,string,object[])
0x000002647e595060 (Mono JIT Code) UnityEngine.Logger:Log (UnityEngine.LogType,object)
0x0000026490b7d258 (Mono JIT Code) UnityEngine.Debug:LogWarning (object)
0x0000026490b7abb3 (Mono JIT Code) UnityEditor.Build.Profile.BuildProfileContext:OnEnable ()
0x0000026490a38998 (Mono JIT Code) (wrapper runtime-invoke) object:runtime_invoke_void__this__ (object,intptr,intptr,intptr)
0x00007ffccad368de (mono-2.0-bdwgc) mono_jit_runtime_invoke (at C:/build/output/Unity-Technologies/mono/mono/mini/mini-runtime.c:3445)
0x00007ffccac78404 (mono-2.0-bdwgc) do_runtime_invoke (at C:/build/output/Unity-Technologies/mono/mono/metadata/object.c:3068)
0x00007ffccac784f0 (mono-2.0-bdwgc) mono_runtime_invoke (at C:/build/output/Unity-Technologies/mono/mono/metadata/object.c:3115)
0x00007ffcbed4e224 (Unity) scripting_method_invoke
0x00007ffcbed25fa3 (Unity) ScriptingInvocation::Invoke
0x00007ffcbed2608e (Unity) ScriptingInvocation::InvokeChecked
0x00007ffcbedd03d6 (Unity) SerializableManagedRef::CallMethod
0x00007ffcbed10414 (Unity) MonoBehaviour::AwakeFromLoad
0x00007ffcbed10121 (Unity) MonoBehaviour::AwakeAfterRestoreFromBackup
0x00007ffcbedcfcb9 (Unity) SerializableManagedRefsUtilities::AwakeInstancesAfterBackupRestoration
0x00007ffcbed1424b (Unity) MonoManager::FinalizeReload
0x00007ffcc024c9f5 (Unity) ScriptingInitializer::FinalizeReload
0x00007ffcc029c3af (Unity) AssetImportWorkerClient::ReloadScriptingDomain
0x00007ffcc0275dac (Unity) <lambda_94302c41bc55323db1fed16712a08587>::operator()
0x00007ffcc0359ade (Unity) asio::detail::completion_handler<core::mutable_function<void __cdecl(void)>,asio::io_context::basic_executor_type<std::allocator<void>,0> >::do_complete
0x00007ffcc034736a (Unity) asio::detail::win_iocp_io_context::do_one
0x00007ffcc03486d4 (Unity) asio::detail::win_iocp_io_context::run
0x00007ffcc03580fc (Unity) IOService::Run
0x00007ffcc02a0426 (Unity) RunAssetImportWorkerClientV2
0x00007ffcc02a04eb (Unity) RunAssetImporterV2
0x00007ffcbfaaa148 (Unity) Application::InitializeProject
0x00007ffcc00b1875 (Unity) UnityMain
0x00007ff735642fba (Unity) __scrt_common_main_seh
0x00007ffd61b37374 (KERNEL32) BaseThreadInitThunk
0x00007ffd61c7cc91 (ntdll) RtlUserThreadStart

Failed to load build profile from Library/BuildProfiles/PlatformProfile.b9b35072a6f44c2e863f17467ea3dc13.asset.
0x00007ffcbee29efd (Unity) StackWalker::ShowCallstack
0x00007ffcbee39eb9 (Unity) PlatformStacktrace::GetStacktrace
0x00007ffcc00a727e (Unity) Stacktrace::GetStacktrace
0x00007ffcc064f92f (Unity) DebugStringToFile
0x00007ffcbdf79085 (Unity) DebugLogHandler_CUSTOM_Internal_Log
0x000002647e595aad (Mono JIT Code) (wrapper managed-to-native) UnityEngine.DebugLogHandler:Internal_Log_Injected (UnityEngine.LogType,UnityEngine.LogOption,UnityEngine.Bindings.ManagedSpanWrapper&,intptr)
0x000002647e595973 (Mono JIT Code) UnityEngine.DebugLogHandler:Internal_Log (UnityEngine.LogType,UnityEngine.LogOption,string,UnityEngine.Object)
0x000002647e5952db (Mono JIT Code) UnityEngine.DebugLogHandler:LogFormat (UnityEngine.LogType,UnityEngine.Object,string,object[])
0x000002647e595060 (Mono JIT Code) UnityEngine.Logger:Log (UnityEngine.LogType,object)
0x0000026490b7d258 (Mono JIT Code) UnityEngine.Debug:LogWarning (object)
0x0000026490b7abb3 (Mono JIT Code) UnityEditor.Build.Profile.BuildProfileContext:OnEnable ()
0x0000026490a38998 (Mono JIT Code) (wrapper runtime-invoke) object:runtime_invoke_void__this__ (object,intptr,intptr,intptr)
0x00007ffccad368de (mono-2.0-bdwgc) mono_jit_runtime_invoke (at C:/build/output/Unity-Technologies/mono/mono/mini/mini-runtime.c:3445)
0x00007ffccac78404 (mono-2.0-bdwgc) do_runtime_invoke (at C:/build/output/Unity-Technologies/mono/mono/metadata/object.c:3068)
0x00007ffccac784f0 (mono-2.0-bdwgc) mono_runtime_invoke (at C:/build/output/Unity-Technologies/mono/mono/metadata/object.c:3115)
0x00007ffcbed4e224 (Unity) scripting_method_invoke
0x00007ffcbed25fa3 (Unity) ScriptingInvocation::Invoke
0x00007ffcbed2608e (Unity) ScriptingInvocation::InvokeChecked
0x00007ffcbedd03d6 (Unity) SerializableManagedRef::CallMethod
0x00007ffcbed10414 (Unity) MonoBehaviour::AwakeFromLoad
0x00007ffcbed10121 (Unity) MonoBehaviour::AwakeAfterRestoreFromBackup
0x00007ffcbedcfcb9 (Unity) SerializableManagedRefsUtilities::AwakeInstancesAfterBackupRestoration
0x00007ffcbed1424b (Unity) MonoManager::FinalizeReload
0x00007ffcc024c9f5 (Unity) ScriptingInitializer::FinalizeReload
0x00007ffcc029c3af (Unity) AssetImportWorkerClient::ReloadScriptingDomain
0x00007ffcc0275dac (Unity) <lambda_94302c41bc55323db1fed16712a08587>::operator()
0x00007ffcc0359ade (Unity) asio::detail::completion_handler<core::mutable_function<void __cdecl(void)>,asio::io_context::basic_executor_type<std::allocator<void>,0> >::do_complete
0x00007ffcc034736a (Unity) asio::detail::win_iocp_io_context::do_one
0x00007ffcc03486d4 (Unity) asio::detail::win_iocp_io_context::run
0x00007ffcc03580fc (Unity) IOService::Run
0x00007ffcc02a0426 (Unity) RunAssetImportWorkerClientV2
0x00007ffcc02a04eb (Unity) RunAssetImporterV2
0x00007ffcbfaaa148 (Unity) Application::InitializeProject
0x00007ffcc00b1875 (Unity) UnityMain
0x00007ff735642fba (Unity) __scrt_common_main_seh
0x00007ffd61b37374 (KERNEL32) BaseThreadInitThunk
0x00007ffd61c7cc91 (ntdll) RtlUserThreadStart

Failed to load build profile from Library/BuildProfiles/PlatformProfile.84a3bb9e7420477f885e98145999eb20.asset.
0x00007ffcbee29efd (Unity) StackWalker::ShowCallstack
0x00007ffcbee39eb9 (Unity) PlatformStacktrace::GetStacktrace
0x00007ffcc00a727e (Unity) Stacktrace::GetStacktrace
0x00007ffcc064f92f (Unity) DebugStringToFile
0x00007ffcbdf79085 (Unity) DebugLogHandler_CUSTOM_Internal_Log
0x000002647e595aad (Mono JIT Code) (wrapper managed-to-native) UnityEngine.DebugLogHandler:Internal_Log_Injected (UnityEngine.LogType,UnityEngine.LogOption,UnityEngine.Bindings.ManagedSpanWrapper&,intptr)
0x000002647e595973 (Mono JIT Code) UnityEngine.DebugLogHandler:Internal_Log (UnityEngine.LogType,UnityEngine.LogOption,string,UnityEngine.Object)
0x000002647e5952db (Mono JIT Code) UnityEngine.DebugLogHandler:LogFormat (UnityEngine.LogType,UnityEngine.Object,string,object[])
0x000002647e595060 (Mono JIT Code) UnityEngine.Logger:Log (UnityEngine.LogType,object)
0x0000026490b7d258 (Mono JIT Code) UnityEngine.Debug:LogWarning (object)
0x0000026490b7abb3 (Mono JIT Code) UnityEditor.Build.Profile.BuildProfileContext:OnEnable ()
0x0000026490a38998 (Mono JIT Code) (wrapper runtime-invoke) object:runtime_invoke_void__this__ (object,intptr,intptr,intptr)
0x00007ffccad368de (mono-2.0-bdwgc) mono_jit_runtime_invoke (at C:/build/output/Unity-Technologies/mono/mono/mini/mini-runtime.c:3445)
0x00007ffccac78404 (mono-2.0-bdwgc) do_runtime_invoke (at C:/build/output/Unity-Technologies/mono/mono/metadata/object.c:3068)
0x00007ffccac784f0 (mono-2.0-bdwgc) mono_runtime_invoke (at C:/build/output/Unity-Technologies/mono/mono/metadata/object.c:3115)
0x00007ffcbed4e224 (Unity) scripting_method_invoke
0x00007ffcbed25fa3 (Unity) ScriptingInvocation::Invoke
0x00007ffcbed2608e (Unity) ScriptingInvocation::InvokeChecked
0x00007ffcbedd03d6 (Unity) SerializableManagedRef::CallMethod
0x00007ffcbed10414 (Unity) MonoBehaviour::AwakeFromLoad
0x00007ffcbed10121 (Unity) MonoBehaviour::AwakeAfterRestoreFromBackup
0x00007ffcbedcfcb9 (Unity) SerializableManagedRefsUtilities::AwakeInstancesAfterBackupRestoration
0x00007ffcbed1424b (Unity) MonoManager::FinalizeReload
0x00007ffcc024c9f5 (Unity) ScriptingInitializer::FinalizeReload
0x00007ffcc029c3af (Unity) AssetImportWorkerClient::ReloadScriptingDomain
0x00007ffcc0275dac (Unity) <lambda_94302c41bc55323db1fed16712a08587>::operator()
0x00007ffcc0359ade (Unity) asio::detail::completion_handler<core::mutable_function<void __cdecl(void)>,asio::io_context::basic_executor_type<std::allocator<void>,0> >::do_complete
0x00007ffcc034736a (Unity) asio::detail::win_iocp_io_context::do_one
0x00007ffcc03486d4 (Unity) asio::detail::win_iocp_io_context::run
0x00007ffcc03580fc (Unity) IOService::Run
0x00007ffcc02a0426 (Unity) RunAssetImportWorkerClientV2
0x00007ffcc02a04eb (Unity) RunAssetImporterV2
0x00007ffcbfaaa148 (Unity) Application::InitializeProject
0x00007ffcc00b1875 (Unity) UnityMain
0x00007ff735642fba (Unity) __scrt_common_main_seh
0x00007ffd61b37374 (KERNEL32) BaseThreadInitThunk
0x00007ffd61c7cc91 (ntdll) RtlUserThreadStart

Failed to load shared profile from Library/BuildProfiles/SharedProfile.asset.
0x00007ffcbee29efd (Unity) StackWalker::ShowCallstack
0x00007ffcbee39eb9 (Unity) PlatformStacktrace::GetStacktrace
0x00007ffcc00a727e (Unity) Stacktrace::GetStacktrace
0x00007ffcc064f92f (Unity) DebugStringToFile
0x00007ffcbdf79085 (Unity) DebugLogHandler_CUSTOM_Internal_Log
0x000002647e595aad (Mono JIT Code) (wrapper managed-to-native) UnityEngine.DebugLogHandler:Internal_Log_Injected (UnityEngine.LogType,UnityEngine.LogOption,UnityEngine.Bindings.ManagedSpanWrapper&,intptr)
0x000002647e595973 (Mono JIT Code) UnityEngine.DebugLogHandler:Internal_Log (UnityEngine.LogType,UnityEngine.LogOption,string,UnityEngine.Object)
0x000002647e5952db (Mono JIT Code) UnityEngine.DebugLogHandler:LogFormat (UnityEngine.LogType,UnityEngine.Object,string,object[])
0x000002647e595060 (Mono JIT Code) UnityEngine.Logger:Log (UnityEngine.LogType,object)
0x0000026490b7d258 (Mono JIT Code) UnityEngine.Debug:LogWarning (object)
0x0000026490b7add3 (Mono JIT Code) UnityEditor.Build.Profile.BuildProfileContext:OnEnable ()
0x0000026490a38998 (Mono JIT Code) (wrapper runtime-invoke) object:runtime_invoke_void__this__ (object,intptr,intptr,intptr)
0x00007ffccad368de (mono-2.0-bdwgc) mono_jit_runtime_invoke (at C:/build/output/Unity-Technologies/mono/mono/mini/mini-runtime.c:3445)
0x00007ffccac78404 (mono-2.0-bdwgc) do_runtime_invoke (at C:/build/output/Unity-Technologies/mono/mono/metadata/object.c:3068)
0x00007ffccac784f0 (mono-2.0-bdwgc) mono_runtime_invoke (at C:/build/output/Unity-Technologies/mono/mono/metadata/object.c:3115)
0x00007ffcbed4e224 (Unity) scripting_method_invoke
0x00007ffcbed25fa3 (Unity) ScriptingInvocation::Invoke
0x00007ffcbed2608e (Unity) ScriptingInvocation::InvokeChecked
0x00007ffcbedd03d6 (Unity) SerializableManagedRef::CallMethod
0x00007ffcbed10414 (Unity) MonoBehaviour::AwakeFromLoad
0x00007ffcbed10121 (Unity) MonoBehaviour::AwakeAfterRestoreFromBackup
0x00007ffcbedcfcb9 (Unity) SerializableManagedRefsUtilities::AwakeInstancesAfterBackupRestoration
0x00007ffcbed1424b (Unity) MonoManager::FinalizeReload
0x00007ffcc024c9f5 (Unity) ScriptingInitializer::FinalizeReload
0x00007ffcc029c3af (Unity) AssetImportWorkerClient::ReloadScriptingDomain
0x00007ffcc0275dac (Unity) <lambda_94302c41bc55323db1fed16712a08587>::operator()
0x00007ffcc0359ade (Unity) asio::detail::completion_handler<core::mutable_function<void __cdecl(void)>,asio::io_context::basic_executor_type<std::allocator<void>,0> >::do_complete
0x00007ffcc034736a (Unity) asio::detail::win_iocp_io_context::do_one
0x00007ffcc03486d4 (Unity) asio::detail::win_iocp_io_context::run
0x00007ffcc03580fc (Unity) IOService::Run
0x00007ffcc02a0426 (Unity) RunAssetImportWorkerClientV2
0x00007ffcc02a04eb (Unity) RunAssetImporterV2
0x00007ffcbfaaa148 (Unity) Application::InitializeProject
0x00007ffcc00b1875 (Unity) UnityMain
0x00007ff735642fba (Unity) __scrt_common_main_seh
0x00007ffd61b37374 (KERNEL32) BaseThreadInitThunk
0x00007ffd61c7cc91 (ntdll) RtlUserThreadStart

Failed to load build profile from Library/BuildProfiles/PlatformProfile.4e3c793746204150860bf175a9a41a05.asset.
0x00007ffcbee29efd (Unity) StackWalker::ShowCallstack
0x00007ffcbee39eb9 (Unity) PlatformStacktrace::GetStacktrace
0x00007ffcc00a727e (Unity) Stacktrace::GetStacktrace
0x00007ffcc064f92f (Unity) DebugStringToFile
0x00007ffcbdf79085 (Unity) DebugLogHandler_CUSTOM_Internal_Log
0x000002647e595aad (Mono JIT Code) (wrapper managed-to-native) UnityEngine.DebugLogHandler:Internal_Log_Injected (UnityEngine.LogType,UnityEngine.LogOption,UnityEngine.Bindings.ManagedSpanWrapper&,intptr)
0x000002647e595973 (Mono JIT Code) UnityEngine.DebugLogHandler:Internal_Log (UnityEngine.LogType,UnityEngine.LogOption,string,UnityEngine.Object)
0x000002647e5952db (Mono JIT Code) UnityEngine.DebugLogHandler:LogFormat (UnityEngine.LogType,UnityEngine.Object,string,object[])
0x000002647e595060 (Mono JIT Code) UnityEngine.Logger:Log (UnityEngine.LogType,object)
0x0000026490b7d258 (Mono JIT Code) UnityEngine.Debug:LogWarning (object)
0x0000026490b7abb3 (Mono JIT Code) UnityEditor.Build.Profile.BuildProfileContext:OnEnable ()
0x0000026490a38998 (Mono JIT Code) (wrapper runtime-invoke) object:runtime_invoke_void__this__ (object,intptr,intptr,intptr)
0x00007ffccad368de (mono-2.0-bdwgc) mono_jit_runtime_invoke (at C:/build/output/Unity-Technologies/mono/mono/mini/mini-runtime.c:3445)
0x00007ffccac78404 (mono-2.0-bdwgc) do_runtime_invoke (at C:/build/output/Unity-Technologies/mono/mono/metadata/object.c:3068)
0x00007ffccac784f0 (mono-2.0-bdwgc) mono_runtime_invoke (at C:/build/output/Unity-Technologies/mono/mono/metadata/object.c:3115)
0x00007ffcbed4e224 (Unity) scripting_method_invoke
0x00007ffcbed25fa3 (Unity) ScriptingInvocation::Invoke
0x00007ffcbed2608e (Unity) ScriptingInvocation::InvokeChecked
0x00007ffcbedd03d6 (Unity) SerializableManagedRef::CallMethod
0x00007ffcbed12624 (Unity) MonoBehaviour::DidReloadDomain
0x00007ffcbedcfcb9 (Unity) SerializableManagedRefsUtilities::AwakeInstancesAfterBackupRestoration
0x00007ffcbed1424b (Unity) MonoManager::FinalizeReload
0x00007ffcc024c9f5 (Unity) ScriptingInitializer::FinalizeReload
0x00007ffcc029c3af (Unity) AssetImportWorkerClient::ReloadScriptingDomain
0x00007ffcc0275dac (Unity) <lambda_94302c41bc55323db1fed16712a08587>::operator()
0x00007ffcc0359ade (Unity) asio::detail::completion_handler<core::mutable_function<void __cdecl(void)>,asio::io_context::basic_executor_type<std::allocator<void>,0> >::do_complete
0x00007ffcc034736a (Unity) asio::detail::win_iocp_io_context::do_one
0x00007ffcc03486d4 (Unity) asio::detail::win_iocp_io_context::run
0x00007ffcc03580fc (Unity) IOService::Run
0x00007ffcc02a0426 (Unity) RunAssetImportWorkerClientV2
0x00007ffcc02a04eb (Unity) RunAssetImporterV2
0x00007ffcbfaaa148 (Unity) Application::InitializeProject
0x00007ffcc00b1875 (Unity) UnityMain
0x00007ff735642fba (Unity) __scrt_common_main_seh
0x00007ffd61b37374 (KERNEL32) BaseThreadInitThunk
0x00007ffd61c7cc91 (ntdll) RtlUserThreadStart

Failed to load build profile from Library/BuildProfiles/PlatformProfile.b9b35072a6f44c2e863f17467ea3dc13.asset.
0x00007ffcbee29efd (Unity) StackWalker::ShowCallstack
0x00007ffcbee39eb9 (Unity) PlatformStacktrace::GetStacktrace
0x00007ffcc00a727e (Unity) Stacktrace::GetStacktrace
0x00007ffcc064f92f (Unity) DebugStringToFile
0x00007ffcbdf79085 (Unity) DebugLogHandler_CUSTOM_Internal_Log
0x000002647e595aad (Mono JIT Code) (wrapper managed-to-native) UnityEngine.DebugLogHandler:Internal_Log_Injected (UnityEngine.LogType,UnityEngine.LogOption,UnityEngine.Bindings.ManagedSpanWrapper&,intptr)
0x000002647e595973 (Mono JIT Code) UnityEngine.DebugLogHandler:Internal_Log (UnityEngine.LogType,UnityEngine.LogOption,string,UnityEngine.Object)
0x000002647e5952db (Mono JIT Code) UnityEngine.DebugLogHandler:LogFormat (UnityEngine.LogType,UnityEngine.Object,string,object[])
0x000002647e595060 (Mono JIT Code) UnityEngine.Logger:Log (UnityEngine.LogType,object)
0x0000026490b7d258 (Mono JIT Code) UnityEngine.Debug:LogWarning (object)
0x0000026490b7abb3 (Mono JIT Code) UnityEditor.Build.Profile.BuildProfileContext:OnEnable ()
0x0000026490a38998 (Mono JIT Code) (wrapper runtime-invoke) object:runtime_invoke_void__this__ (object,intptr,intptr,intptr)
0x00007ffccad368de (mono-2.0-bdwgc) mono_jit_runtime_invoke (at C:/build/output/Unity-Technologies/mono/mono/mini/mini-runtime.c:3445)
0x00007ffccac78404 (mono-2.0-bdwgc) do_runtime_invoke (at C:/build/output/Unity-Technologies/mono/mono/metadata/object.c:3068)
0x00007ffccac784f0 (mono-2.0-bdwgc) mono_runtime_invoke (at C:/build/output/Unity-Technologies/mono/mono/metadata/object.c:3115)
0x00007ffcbed4e224 (Unity) scripting_method_invoke
0x00007ffcbed25fa3 (Unity) ScriptingInvocation::Invoke
0x00007ffcbed2608e (Unity) ScriptingInvocation::InvokeChecked
0x00007ffcbedd03d6 (Unity) SerializableManagedRef::CallMethod
0x00007ffcbed12624 (Unity) MonoBehaviour::DidReloadDomain
0x00007ffcbedcfcb9 (Unity) SerializableManagedRefsUtilities::AwakeInstancesAfterBackupRestoration
0x00007ffcbed1424b (Unity) MonoManager::FinalizeReload
0x00007ffcc024c9f5 (Unity) ScriptingInitializer::FinalizeReload
0x00007ffcc029c3af (Unity) AssetImportWorkerClient::ReloadScriptingDomain
0x00007ffcc0275dac (Unity) <lambda_94302c41bc55323db1fed16712a08587>::operator()
0x00007ffcc0359ade (Unity) asio::detail::completion_handler<core::mutable_function<void __cdecl(void)>,asio::io_context::basic_executor_type<std::allocator<void>,0> >::do_complete
0x00007ffcc034736a (Unity) asio::detail::win_iocp_io_context::do_one
0x00007ffcc03486d4 (Unity) asio::detail::win_iocp_io_context::run
0x00007ffcc03580fc (Unity) IOService::Run
0x00007ffcc02a0426 (Unity) RunAssetImportWorkerClientV2
0x00007ffcc02a04eb (Unity) RunAssetImporterV2
0x00007ffcbfaaa148 (Unity) Application::InitializeProject
0x00007ffcc00b1875 (Unity) UnityMain
0x00007ff735642fba (Unity) __scrt_common_main_seh
0x00007ffd61b37374 (KERNEL32) BaseThreadInitThunk
0x00007ffd61c7cc91 (ntdll) RtlUserThreadStart

Failed to load build profile from Library/BuildProfiles/PlatformProfile.84a3bb9e7420477f885e98145999eb20.asset.
0x00007ffcbee29efd (Unity) StackWalker::ShowCallstack
0x00007ffcbee39eb9 (Unity) PlatformStacktrace::GetStacktrace
0x00007ffcc00a727e (Unity) Stacktrace::GetStacktrace
0x00007ffcc064f92f (Unity) DebugStringToFile
0x00007ffcbdf79085 (Unity) DebugLogHandler_CUSTOM_Internal_Log
0x000002647e595aad (Mono JIT Code) (wrapper managed-to-native) UnityEngine.DebugLogHandler:Internal_Log_Injected (UnityEngine.LogType,UnityEngine.LogOption,UnityEngine.Bindings.ManagedSpanWrapper&,intptr)
0x000002647e595973 (Mono JIT Code) UnityEngine.DebugLogHandler:Internal_Log (UnityEngine.LogType,UnityEngine.LogOption,string,UnityEngine.Object)
0x000002647e5952db (Mono JIT Code) UnityEngine.DebugLogHandler:LogFormat (UnityEngine.LogType,UnityEngine.Object,string,object[])
0x000002647e595060 (Mono JIT Code) UnityEngine.Logger:Log (UnityEngine.LogType,object)
0x0000026490b7d258 (Mono JIT Code) UnityEngine.Debug:LogWarning (object)
0x0000026490b7abb3 (Mono JIT Code) UnityEditor.Build.Profile.BuildProfileContext:OnEnable ()
0x0000026490a38998 (Mono JIT Code) (wrapper runtime-invoke) object:runtime_invoke_void__this__ (object,intptr,intptr,intptr)
0x00007ffccad368de (mono-2.0-bdwgc) mono_jit_runtime_invoke (at C:/build/output/Unity-Technologies/mono/mono/mini/mini-runtime.c:3445)
0x00007ffccac78404 (mono-2.0-bdwgc) do_runtime_invoke (at C:/build/output/Unity-Technologies/mono/mono/metadata/object.c:3068)
0x00007ffccac784f0 (mono-2.0-bdwgc) mono_runtime_invoke (at C:/build/output/Unity-Technologies/mono/mono/metadata/object.c:3115)
0x00007ffcbed4e224 (Unity) scripting_method_invoke
0x00007ffcbed25fa3 (Unity) ScriptingInvocation::Invoke
0x00007ffcbed2608e (Unity) ScriptingInvocation::InvokeChecked
0x00007ffcbedd03d6 (Unity) SerializableManagedRef::CallMethod
0x00007ffcbed12624 (Unity) MonoBehaviour::DidReloadDomain
0x00007ffcbedcfcb9 (Unity) SerializableManagedRefsUtilities::AwakeInstancesAfterBackupRestoration
0x00007ffcbed1424b (Unity) MonoManager::FinalizeReload
0x00007ffcc024c9f5 (Unity) ScriptingInitializer::FinalizeReload
0x00007ffcc029c3af (Unity) AssetImportWorkerClient::ReloadScriptingDomain
0x00007ffcc0275dac (Unity) <lambda_94302c41bc55323db1fed16712a08587>::operator()
0x00007ffcc0359ade (Unity) asio::detail::completion_handler<core::mutable_function<void __cdecl(void)>,asio::io_context::basic_executor_type<std::allocator<void>,0> >::do_complete
0x00007ffcc034736a (Unity) asio::detail::win_iocp_io_context::do_one
0x00007ffcc03486d4 (Unity) asio::detail::win_iocp_io_context::run
0x00007ffcc03580fc (Unity) IOService::Run
0x00007ffcc02a0426 (Unity) RunAssetImportWorkerClientV2
0x00007ffcc02a04eb (Unity) RunAssetImporterV2
0x00007ffcbfaaa148 (Unity) Application::InitializeProject
0x00007ffcc00b1875 (Unity) UnityMain
0x00007ff735642fba (Unity) __scrt_common_main_seh
0x00007ffd61b37374 (KERNEL32) BaseThreadInitThunk
0x00007ffd61c7cc91 (ntdll) RtlUserThreadStart

Failed to load shared profile from Library/BuildProfiles/SharedProfile.asset.
0x00007ffcbee29efd (Unity) StackWalker::ShowCallstack
0x00007ffcbee39eb9 (Unity) PlatformStacktrace::GetStacktrace
0x00007ffcc00a727e (Unity) Stacktrace::GetStacktrace
0x00007ffcc064f92f (Unity) DebugStringToFile
0x00007ffcbdf79085 (Unity) DebugLogHandler_CUSTOM_Internal_Log
0x000002647e595aad (Mono JIT Code) (wrapper managed-to-native) UnityEngine.DebugLogHandler:Internal_Log_Injected (UnityEngine.LogType,UnityEngine.LogOption,UnityEngine.Bindings.ManagedSpanWrapper&,intptr)
0x000002647e595973 (Mono JIT Code) UnityEngine.DebugLogHandler:Internal_Log (UnityEngine.LogType,UnityEngine.LogOption,string,UnityEngine.Object)
0x000002647e5952db (Mono JIT Code) UnityEngine.DebugLogHandler:LogFormat (UnityEngine.LogType,UnityEngine.Object,string,object[])
0x000002647e595060 (Mono JIT Code) UnityEngine.Logger:Log (UnityEngine.LogType,object)
0x0000026490b7d258 (Mono JIT Code) UnityEngine.Debug:LogWarning (object)
0x0000026490b7add3 (Mono JIT Code) UnityEditor.Build.Profile.BuildProfileContext:OnEnable ()
0x0000026490a38998 (Mono JIT Code) (wrapper runtime-invoke) object:runtime_invoke_void__this__ (object,intptr,intptr,intptr)
0x00007ffccad368de (mono-2.0-bdwgc) mono_jit_runtime_invoke (at C:/build/output/Unity-Technologies/mono/mono/mini/mini-runtime.c:3445)
0x00007ffccac78404 (mono-2.0-bdwgc) do_runtime_invoke (at C:/build/output/Unity-Technologies/mono/mono/metadata/object.c:3068)
0x00007ffccac784f0 (mono-2.0-bdwgc) mono_runtime_invoke (at C:/build/output/Unity-Technologies/mono/mono/metadata/object.c:3115)
0x00007ffcbed4e224 (Unity) scripting_method_invoke
0x00007ffcbed25fa3 (Unity) ScriptingInvocation::Invoke
0x00007ffcbed2608e (Unity) ScriptingInvocation::InvokeChecked
0x00007ffcbedd03d6 (Unity) SerializableManagedRef::CallMethod
0x00007ffcbed12624 (Unity) MonoBehaviour::DidReloadDomain
0x00007ffcbedcfcb9 (Unity) SerializableManagedRefsUtilities::AwakeInstancesAfterBackupRestoration
0x00007ffcbed1424b (Unity) MonoManager::FinalizeReload
0x00007ffcc024c9f5 (Unity) ScriptingInitializer::FinalizeReload
0x00007ffcc029c3af (Unity) AssetImportWorkerClient::ReloadScriptingDomain
0x00007ffcc0275dac (Unity) <lambda_94302c41bc55323db1fed16712a08587>::operator()
0x00007ffcc0359ade (Unity) asio::detail::completion_handler<core::mutable_function<void __cdecl(void)>,asio::io_context::basic_executor_type<std::allocator<void>,0> >::do_complete
0x00007ffcc034736a (Unity) asio::detail::win_iocp_io_context::do_one
0x00007ffcc03486d4 (Unity) asio::detail::win_iocp_io_context::run
0x00007ffcc03580fc (Unity) IOService::Run
0x00007ffcc02a0426 (Unity) RunAssetImportWorkerClientV2
0x00007ffcc02a04eb (Unity) RunAssetImporterV2
0x00007ffcbfaaa148 (Unity) Application::InitializeProject
0x00007ffcc00b1875 (Unity) UnityMain
0x00007ff735642fba (Unity) __scrt_common_main_seh
0x00007ffd61b37374 (KERNEL32) BaseThreadInitThunk
0x00007ffd61c7cc91 (ntdll) RtlUserThreadStart

Mono: successfully reloaded assembly
[Package Manager] Failed to launch server process. Reason: Unity was launched with the -noUpm command-line argument
[Package Manager] Unable to send message (not connected to server process).
[Package Manager] Cannot connect to Unity Package Manager local server
- Finished resetting the current domain, in  0.914 seconds
Domain Reload Profiling: 1845ms
	BeginReloadAssembly (275ms)
		ExecutionOrderSort (0ms)
		DisableScriptedObjects (67ms)
		BackupInstance (0ms)
		ReleaseScriptingObjects (0ms)
		CreateAndSetChildDomain (52ms)
	RebuildCommonClasses (43ms)
	RebuildNativeTypeToScriptingClass (15ms)
	initialDomainReloadingComplete (36ms)
	LoadAllAssembliesAndSetupDomain (561ms)
		LoadAssemblies (444ms)
		RebuildTransferFunctionScriptingTraits (0ms)
		AnalyzeDomain (226ms)
			TypeCache.Refresh (7ms)
				TypeCache.ScanAssembly (0ms)
			BuildScriptInfoCaches (204ms)
			ResolveRequiredComponents (11ms)
	FinalizeReload (914ms)
		ReleaseScriptCaches (0ms)
		RebuildScriptCaches (0ms)
		SetupLoadedEditorAssemblies (629ms)
			LogAssemblyErrors (0ms)
			InitializePlatformSupportModulesInManaged (13ms)
			SetLoadedEditorAssemblies (4ms)
			BeforeProcessingInitializeOnLoad (171ms)
			ProcessInitializeOnLoadAttributes (360ms)
			ProcessInitializeOnLoadMethodAttributes (70ms)
			AfterProcessingInitializeOnLoad (10ms)
			EditorAssembliesLoaded (0ms)
		ExecutionOrderSort2 (0ms)
		AwakeInstancesAfterBackupRestoration (57ms)
Refreshing native plugins compatible for Editor in 5.65 ms, found 4 plugins.
Preloading 0 native plugins for Editor in 0.00 ms.
Unloading 31 Unused Serialized files (Serialized files now loaded: 0)
Unloading 6919 unused Assets / (7.9 MB). Loaded Objects now: 7640.
Memory consumption went from 155.4 MB to 147.5 MB.
Total: 13.073200 ms (FindLiveObjects: 0.880800 ms CreateObjectMapping: 0.390900 ms MarkObjects: 5.682800 ms  DeleteObjects: 6.117200 ms)

Prepare: number of updated asset objects reloaded= 0
Editor requested this worker to shutdown with reason: Scaling down because of idle timeout
AssetImportWorker is now disconnected from the server
Process exiting
Exiting without the bug reporter. Application will terminate with return code 0